mode: atomic
n8n-pro/cmd/api/main.go:29.13,41.16 4 0
n8n-pro/cmd/api/main.go:41.16,43.3 1 0
n8n-pro/cmd/api/main.go:46.2,50.16 3 0
n8n-pro/cmd/api/main.go:50.16,52.3 1 0
n8n-pro/cmd/api/main.go:53.2,71.25 5 0
n8n-pro/cmd/api/main.go:71.25,72.13 1 0
n8n-pro/cmd/api/main.go:72.13,76.4 3 0
n8n-pro/cmd/api/main.go:80.2,80.12 1 0
n8n-pro/cmd/api/main.go:80.12,84.25 3 0
n8n-pro/cmd/api/main.go:84.25,85.123 1 0
n8n-pro/cmd/api/main.go:85.123,87.5 1 0
n8n-pro/cmd/api/main.go:88.9,89.81 1 0
n8n-pro/cmd/api/main.go:89.81,91.5 1 0
n8n-pro/cmd/api/main.go:95.2,112.45 8 0
n8n-pro/cmd/api/main.go:112.45,114.3 1 0
n8n-pro/cmd/api/main.go:116.2,116.27 1 0
n8n-pro/cmd/api/main.go:119.103,132.24 7 0
n8n-pro/cmd/api/main.go:132.24,142.3 2 0
n8n-pro/cmd/api/main.go:145.2,145.24 1 0
n8n-pro/cmd/api/main.go:145.24,147.3 1 0
n8n-pro/cmd/api/main.go:150.2,150.29 1 0
n8n-pro/cmd/api/main.go:150.30,152.3 0 0
n8n-pro/cmd/api/main.go:155.2,155.64 1 0
n8n-pro/cmd/api/main.go:155.64,159.3 3 0
n8n-pro/cmd/api/main.go:162.2,162.65 1 0
n8n-pro/cmd/api/main.go:162.65,172.3 4 0
n8n-pro/cmd/api/main.go:175.2,175.40 1 0
n8n-pro/cmd/api/main.go:175.40,177.44 1 0
n8n-pro/cmd/api/main.go:177.44,184.4 6 0
n8n-pro/cmd/api/main.go:187.3,187.45 1 0
n8n-pro/cmd/api/main.go:187.45,192.4 4 0
n8n-pro/cmd/api/main.go:195.3,195.77 1 0
n8n-pro/cmd/api/main.go:198.2,204.3 1 0
n8n-pro/cmd/api/main.go:209.86,210.54 1 0
n8n-pro/cmd/api/main.go:210.54,220.17 4 0
n8n-pro/cmd/api/main.go:220.17,224.4 3 0
n8n-pro/cmd/api/main.go:226.3,232.28 5 0
n8n-pro/cmd/api/main.go:236.87,237.54 1 0
n8n-pro/cmd/api/main.go:237.54,242.3 3 0
n8n-pro/cmd/api/main.go:245.84,246.54 1 0
n8n-pro/cmd/api/main.go:246.54,251.17 4 0
n8n-pro/cmd/api/main.go:251.17,255.4 3 0
n8n-pro/cmd/api/main.go:257.3,260.28 4 0
n8n-pro/cmd/api/main.go:264.87,265.54 1 0
n8n-pro/cmd/api/main.go:265.54,269.3 3 0
n8n-pro/cmd/api/main.go:272.87,273.54 1 0
n8n-pro/cmd/api/main.go:273.54,278.17 4 0
n8n-pro/cmd/api/main.go:278.17,282.4 3 0
n8n-pro/cmd/api/main.go:284.3,284.38 1 0
n8n-pro/cmd/api/main.go:288.88,289.54 1 0
n8n-pro/cmd/api/main.go:289.54,293.3 3 0
n8n-pro/cmd/api/main.go:296.87,297.54 1 0
n8n-pro/cmd/api/main.go:297.54,301.3 3 0
n8n-pro/cmd/api/main.go:304.85,305.54 1 0
n8n-pro/cmd/api/main.go:305.54,309.3 3 0
n8n-pro/cmd/api/main.go:312.88,313.54 1 0
n8n-pro/cmd/api/main.go:313.54,317.3 3 0
n8n-pro/cmd/api/main.go:320.87,321.54 1 0
n8n-pro/cmd/api/main.go:321.54,325.3 3 0
n8n-pro/cmd/api/main.go:328.91,329.54 1 0
n8n-pro/cmd/api/main.go:329.54,333.3 3 0
n8n-pro/cmd/admin/main.go:113.13,114.22 1 0
n8n-pro/cmd/admin/main.go:114.22,117.3 2 0
n8n-pro/cmd/admin/main.go:120.2,130.32 3 0
n8n-pro/cmd/admin/main.go:130.32,133.3 2 0
n8n-pro/cmd/admin/main.go:136.2,137.16 2 0
n8n-pro/cmd/admin/main.go:137.16,139.3 1 0
n8n-pro/cmd/admin/main.go:140.2,145.17 3 0
n8n-pro/cmd/admin/main.go:146.18,147.65 1 0
n8n-pro/cmd/admin/main.go:148.14,149.61 1 0
n8n-pro/cmd/admin/main.go:150.14,151.61 1 0
n8n-pro/cmd/admin/main.go:152.16,153.63 1 0
n8n-pro/cmd/admin/main.go:154.17,155.64 1 0
n8n-pro/cmd/admin/main.go:156.17,157.64 1 0
n8n-pro/cmd/admin/main.go:158.16,159.63 1 0
n8n-pro/cmd/admin/main.go:160.10,163.13 3 0
n8n-pro/cmd/admin/main.go:166.2,166.16 1 0
n8n-pro/cmd/admin/main.go:166.16,168.3 1 0
n8n-pro/cmd/admin/main.go:171.70,174.16 2 0
n8n-pro/cmd/admin/main.go:174.16,176.3 1 0
n8n-pro/cmd/admin/main.go:179.2,180.13 2 0
n8n-pro/cmd/admin/main.go:180.13,182.3 1 0
n8n-pro/cmd/admin/main.go:185.2,186.16 2 0
n8n-pro/cmd/admin/main.go:186.16,188.3 1 0
n8n-pro/cmd/admin/main.go:191.2,215.8 7 0
n8n-pro/cmd/admin/main.go:218.30,219.19 1 0
n8n-pro/cmd/admin/main.go:219.19,221.3 1 0
n8n-pro/cmd/admin/main.go:224.103,225.20 1 0
n8n-pro/cmd/admin/main.go:225.20,227.3 1 0
n8n-pro/cmd/admin/main.go:229.2,229.17 1 0
n8n-pro/cmd/admin/main.go:230.14,231.54 1 0
n8n-pro/cmd/admin/main.go:232.13,233.52 1 0
n8n-pro/cmd/admin/main.go:234.16,235.55 1 0
n8n-pro/cmd/admin/main.go:236.16,237.55 1 0
n8n-pro/cmd/admin/main.go:238.16,239.55 1 0
n8n-pro/cmd/admin/main.go:240.18,241.57 1 0
n8n-pro/cmd/admin/main.go:242.15,243.54 1 0
n8n-pro/cmd/admin/main.go:244.10,245.64 1 0
n8n-pro/cmd/admin/main.go:249.99,250.20 1 0
n8n-pro/cmd/admin/main.go:250.20,252.3 1 0
n8n-pro/cmd/admin/main.go:254.2,254.17 1 0
n8n-pro/cmd/admin/main.go:255.14,256.50 1 0
n8n-pro/cmd/admin/main.go:257.13,258.48 1 0
n8n-pro/cmd/admin/main.go:259.16,260.51 1 0
n8n-pro/cmd/admin/main.go:261.16,262.51 1 0
n8n-pro/cmd/admin/main.go:263.18,264.53 1 0
n8n-pro/cmd/admin/main.go:265.20,266.55 1 0
n8n-pro/cmd/admin/main.go:267.24,268.58 1 0
n8n-pro/cmd/admin/main.go:269.10,270.60 1 0
n8n-pro/cmd/admin/main.go:274.99,275.20 1 0
n8n-pro/cmd/admin/main.go:275.20,277.3 1 0
n8n-pro/cmd/admin/main.go:279.2,279.17 1 0
n8n-pro/cmd/admin/main.go:280.14,281.50 1 0
n8n-pro/cmd/admin/main.go:282.13,283.48 1 0
n8n-pro/cmd/admin/main.go:284.16,285.51 1 0
n8n-pro/cmd/admin/main.go:286.16,287.51 1 0
n8n-pro/cmd/admin/main.go:288.20,289.54 1 0
n8n-pro/cmd/admin/main.go:290.23,291.57 1 0
n8n-pro/cmd/admin/main.go:292.10,293.60 1 0
n8n-pro/cmd/admin/main.go:297.101,298.20 1 0
n8n-pro/cmd/admin/main.go:298.20,300.3 1 0
n8n-pro/cmd/admin/main.go:302.2,302.17 1 0
n8n-pro/cmd/admin/main.go:303.16,304.43 1 0
n8n-pro/cmd/admin/main.go:305.15,306.42 1 0
n8n-pro/cmd/admin/main.go:307.16,308.43 1 0
n8n-pro/cmd/admin/main.go:309.14,310.51 1 0
n8n-pro/cmd/admin/main.go:311.17,312.44 1 0
n8n-pro/cmd/admin/main.go:313.10,314.62 1 0
n8n-pro/cmd/admin/main.go:318.102,319.20 1 0
n8n-pro/cmd/admin/main.go:319.20,321.3 1 0
n8n-pro/cmd/admin/main.go:323.2,323.17 1 0
n8n-pro/cmd/admin/main.go:324.12,325.50 1 0
n8n-pro/cmd/admin/main.go:326.14,327.52 1 0
n8n-pro/cmd/admin/main.go:328.16,329.44 1 0
n8n-pro/cmd/admin/main.go:330.16,331.56 1 0
n8n-pro/cmd/admin/main.go:332.10,333.63 1 0
n8n-pro/cmd/admin/main.go:337.102,338.20 1 0
n8n-pro/cmd/admin/main.go:338.20,340.3 1 0
n8n-pro/cmd/admin/main.go:342.2,342.17 1 0
n8n-pro/cmd/admin/main.go:343.20,344.58 1 0
n8n-pro/cmd/admin/main.go:345.14,346.52 1 0
n8n-pro/cmd/admin/main.go:347.20,348.47 1 0
n8n-pro/cmd/admin/main.go:349.23,350.50 1 0
n8n-pro/cmd/admin/main.go:351.10,352.63 1 0
n8n-pro/cmd/admin/main.go:356.101,357.20 1 0
n8n-pro/cmd/admin/main.go:357.20,359.3 1 0
n8n-pro/cmd/admin/main.go:361.2,361.17 1 0
n8n-pro/cmd/admin/main.go:362.13,363.50 1 0
n8n-pro/cmd/admin/main.go:364.13,365.50 1 0
n8n-pro/cmd/admin/main.go:366.18,367.45 1 0
n8n-pro/cmd/admin/main.go:368.10,369.62 1 0
n8n-pro/cmd/admin/main.go:374.95,379.27 3 0
n8n-pro/cmd/admin/main.go:379.27,380.29 1 0
n8n-pro/cmd/admin/main.go:380.29,382.4 1 0
n8n-pro/cmd/admin/main.go:383.3,383.27 1 0
n8n-pro/cmd/admin/main.go:383.27,386.18 3 0
n8n-pro/cmd/admin/main.go:386.18,388.5 1 0
n8n-pro/cmd/admin/main.go:392.2,399.16 3 0
n8n-pro/cmd/admin/main.go:399.16,401.3 1 0
n8n-pro/cmd/admin/main.go:403.2,403.16 1 0
n8n-pro/cmd/admin/main.go:403.16,405.3 1 0
n8n-pro/cmd/admin/main.go:407.2,408.34 2 0
n8n-pro/cmd/admin/main.go:408.34,414.3 5 0
n8n-pro/cmd/admin/main.go:416.2,416.12 1 0
n8n-pro/cmd/admin/main.go:419.93,422.27 2 0
n8n-pro/cmd/admin/main.go:422.27,423.24 1 0
n8n-pro/cmd/admin/main.go:423.24,425.9 2 0
n8n-pro/cmd/admin/main.go:429.2,429.22 1 0
n8n-pro/cmd/admin/main.go:429.22,431.3 1 0
n8n-pro/cmd/admin/main.go:433.2,434.16 2 0
n8n-pro/cmd/admin/main.go:434.16,436.3 1 0
n8n-pro/cmd/admin/main.go:438.2,438.16 1 0
n8n-pro/cmd/admin/main.go:438.16,440.3 1 0
n8n-pro/cmd/admin/main.go:442.2,451.12 9 0
n8n-pro/cmd/admin/main.go:455.96,458.2 2 0
n8n-pro/cmd/admin/main.go:460.96,463.2 2 0
n8n-pro/cmd/admin/main.go:465.96,468.2 2 0
n8n-pro/cmd/admin/main.go:470.98,473.2 2 0
n8n-pro/cmd/admin/main.go:475.95,478.2 2 0
n8n-pro/cmd/admin/main.go:481.91,484.2 2 0
n8n-pro/cmd/admin/main.go:486.89,489.2 2 0
n8n-pro/cmd/admin/main.go:491.92,494.2 2 0
n8n-pro/cmd/admin/main.go:496.92,499.2 2 0
n8n-pro/cmd/admin/main.go:501.94,504.2 2 0
n8n-pro/cmd/admin/main.go:506.96,509.2 2 0
n8n-pro/cmd/admin/main.go:511.99,514.2 2 0
n8n-pro/cmd/admin/main.go:517.91,520.2 2 0
n8n-pro/cmd/admin/main.go:522.89,525.2 2 0
n8n-pro/cmd/admin/main.go:527.92,530.2 2 0
n8n-pro/cmd/admin/main.go:532.92,535.2 2 0
n8n-pro/cmd/admin/main.go:537.95,540.2 2 0
n8n-pro/cmd/admin/main.go:542.98,545.2 2 0
n8n-pro/cmd/admin/main.go:548.79,559.16 2 0
n8n-pro/cmd/admin/main.go:559.16,561.3 1 0
n8n-pro/cmd/admin/main.go:563.2,567.70 5 0
n8n-pro/cmd/admin/main.go:567.70,569.3 1 0
n8n-pro/cmd/admin/main.go:571.2,571.12 1 0
n8n-pro/cmd/admin/main.go:574.78,577.2 2 0
n8n-pro/cmd/admin/main.go:579.79,580.16 1 0
n8n-pro/cmd/admin/main.go:580.16,582.3 1 0
n8n-pro/cmd/admin/main.go:584.2,589.12 5 0
n8n-pro/cmd/admin/main.go:592.92,595.2 2 0
n8n-pro/cmd/admin/main.go:597.80,600.2 2 0
n8n-pro/cmd/admin/main.go:603.91,618.16 5 0
n8n-pro/cmd/admin/main.go:618.16,620.3 1 0
n8n-pro/cmd/admin/main.go:622.2,622.61 1 0
n8n-pro/cmd/admin/main.go:622.61,624.3 1 0
n8n-pro/cmd/admin/main.go:626.2,627.12 2 0
n8n-pro/cmd/admin/main.go:630.93,645.16 5 0
n8n-pro/cmd/admin/main.go:645.16,647.3 1 0
n8n-pro/cmd/admin/main.go:649.2,649.63 1 0
n8n-pro/cmd/admin/main.go:649.63,651.3 1 0
n8n-pro/cmd/admin/main.go:653.2,654.12 2 0
n8n-pro/cmd/admin/main.go:657.80,660.2 2 0
n8n-pro/cmd/admin/main.go:662.97,665.2 2 0
n8n-pro/cmd/admin/main.go:668.99,671.2 2 0
n8n-pro/cmd/admin/main.go:673.93,676.2 2 0
n8n-pro/cmd/admin/main.go:678.83,681.2 2 0
n8n-pro/cmd/admin/main.go:683.86,686.2 2 0
n8n-pro/cmd/admin/main.go:689.91,692.2 2 0
n8n-pro/cmd/admin/main.go:694.91,697.2 2 0
n8n-pro/cmd/admin/main.go:699.81,702.2 2 0
n8n-pro/cmd/scheduler/main.go:18.13,24.16 3 0
n8n-pro/cmd/scheduler/main.go:24.16,26.3 1 0
n8n-pro/cmd/scheduler/main.go:29.2,30.16 2 0
n8n-pro/cmd/scheduler/main.go:30.16,32.3 1 0
n8n-pro/cmd/scheduler/main.go:33.2,37.16 3 0
n8n-pro/cmd/scheduler/main.go:37.16,39.3 1 0
n8n-pro/cmd/scheduler/main.go:40.2,60.48 7 0
n8n-pro/cmd/scheduler/main.go:60.48,62.3 1 0
n8n-pro/cmd/scheduler/main.go:64.2,77.55 8 0
n8n-pro/cmd/scheduler/main.go:77.55,79.3 1 0
n8n-pro/cmd/scheduler/main.go:81.2,81.31 1 0
n8n-pro/cmd/webhook/main.go:23.13,29.16 3 0
n8n-pro/cmd/webhook/main.go:29.16,31.3 1 0
n8n-pro/cmd/webhook/main.go:34.2,35.16 2 0
n8n-pro/cmd/webhook/main.go:35.16,37.3 1 0
n8n-pro/cmd/webhook/main.go:38.2,42.16 3 0
n8n-pro/cmd/webhook/main.go:42.16,44.3 1 0
n8n-pro/cmd/webhook/main.go:45.2,73.64 12 0
n8n-pro/cmd/webhook/main.go:73.64,76.3 2 0
n8n-pro/cmd/webhook/main.go:79.2,79.41 1 0
n8n-pro/cmd/webhook/main.go:79.41,83.3 3 0
n8n-pro/cmd/webhook/main.go:86.2,86.39 1 0
n8n-pro/cmd/webhook/main.go:86.39,89.3 2 0
n8n-pro/cmd/webhook/main.go:92.2,101.12 2 0
n8n-pro/cmd/webhook/main.go:101.12,103.80 2 0
n8n-pro/cmd/webhook/main.go:103.80,105.4 1 0
n8n-pro/cmd/webhook/main.go:108.2,121.53 8 0
n8n-pro/cmd/webhook/main.go:121.53,123.3 1 0
n8n-pro/cmd/webhook/main.go:125.2,125.36 1 0
n8n-pro/cmd/worker/main.go:54.13,66.16 4 0
n8n-pro/cmd/worker/main.go:66.16,68.3 1 0
n8n-pro/cmd/worker/main.go:71.2,75.16 3 0
n8n-pro/cmd/worker/main.go:75.16,77.3 1 0
n8n-pro/cmd/worker/main.go:78.2,94.16 5 0
n8n-pro/cmd/worker/main.go:94.16,96.3 1 0
n8n-pro/cmd/worker/main.go:97.2,100.34 2 0
n8n-pro/cmd/worker/main.go:100.34,102.3 1 0
n8n-pro/cmd/worker/main.go:105.2,105.39 1 0
n8n-pro/cmd/worker/main.go:105.39,107.3 1 0
n8n-pro/cmd/worker/main.go:109.2,125.49 8 0
n8n-pro/cmd/worker/main.go:125.49,127.3 1 0
n8n-pro/cmd/worker/main.go:129.2,129.39 1 0
n8n-pro/cmd/worker/main.go:133.124,160.2 4 0
n8n-pro/cmd/worker/main.go:163.32,165.51 1 0
n8n-pro/cmd/worker/main.go:165.51,167.3 1 0
n8n-pro/cmd/worker/main.go:169.2,169.12 1 0
n8n-pro/cmd/worker/main.go:173.50,180.41 3 0
n8n-pro/cmd/worker/main.go:180.41,183.3 2 0
n8n-pro/cmd/worker/main.go:185.2,186.12 2 0
n8n-pro/cmd/worker/main.go:190.26,191.21 1 0
n8n-pro/cmd/worker/main.go:191.21,193.3 1 0
n8n-pro/cmd/worker/main.go:197.43,200.6 2 0
n8n-pro/cmd/worker/main.go:200.6,201.10 1 0
n8n-pro/cmd/worker/main.go:202.23,204.10 2 0
n8n-pro/cmd/worker/main.go:205.11,207.57 1 0
n8n-pro/cmd/worker/main.go:207.57,211.5 2 0
n8n-pro/cmd/worker/main.go:217.57,224.16 4 0
n8n-pro/cmd/worker/main.go:224.16,225.38 1 0
n8n-pro/cmd/worker/main.go:225.38,228.4 1 0
n8n-pro/cmd/worker/main.go:229.3,229.55 1 0
n8n-pro/cmd/worker/main.go:232.2,241.60 3 0
n8n-pro/cmd/worker/main.go:241.60,244.3 2 0
n8n-pro/cmd/worker/main.go:247.2,247.58 1 0
n8n-pro/cmd/worker/main.go:247.58,256.33 2 0
n8n-pro/cmd/worker/main.go:256.33,263.4 1 0
n8n-pro/cmd/worker/main.go:265.3,265.13 1 0
n8n-pro/cmd/worker/main.go:268.2,274.12 2 0
n8n-pro/cmd/worker/main.go:278.88,293.16 5 0
n8n-pro/cmd/worker/main.go:293.16,296.3 2 0
n8n-pro/cmd/worker/main.go:299.2,310.12 4 0
n8n-pro/cmd/worker/main.go:314.58,316.73 2 0
n8n-pro/cmd/worker/main.go:316.73,326.3 4 0
n8n-pro/cmd/worker/main.go:328.2,334.79 3 0
n8n-pro/cmd/worker/main.go:334.79,336.3 1 0
n8n-pro/internal/api/httpserver/server.go:12.61,18.64 4 0
n8n-pro/internal/api/httpserver/server.go:18.64,21.3 2 0
n8n-pro/internal/api/httpserver/server.go:24.2,25.46 2 0
n8n-pro/internal/api/httpserver/server.go:25.46,31.3 5 0
n8n-pro/internal/api/httpserver/server.go:33.2,36.3 1 0
n8n-pro/internal/api/middleware/auth.go:42.117,43.46 1 0
n8n-pro/internal/api/middleware/auth.go:43.46,44.72 1 0
n8n-pro/internal/api/middleware/auth.go:44.72,48.62 2 0
n8n-pro/internal/api/middleware/auth.go:48.62,50.5 1 0
n8n-pro/internal/api/middleware/auth.go:53.4,53.52 1 0
n8n-pro/internal/api/middleware/auth.go:53.52,56.5 2 0
n8n-pro/internal/api/middleware/auth.go:59.4,60.18 2 0
n8n-pro/internal/api/middleware/auth.go:60.18,64.5 3 0
n8n-pro/internal/api/middleware/auth.go:67.4,68.18 2 0
n8n-pro/internal/api/middleware/auth.go:68.18,72.5 3 0
n8n-pro/internal/api/middleware/auth.go:75.4,75.26 1 0
n8n-pro/internal/api/middleware/auth.go:75.26,79.5 3 0
n8n-pro/internal/api/middleware/auth.go:82.4,82.98 1 0
n8n-pro/internal/api/middleware/auth.go:82.98,86.5 3 0
n8n-pro/internal/api/middleware/auth.go:89.4,102.27 3 0
n8n-pro/internal/api/middleware/auth.go:102.27,109.5 2 0
n8n-pro/internal/api/middleware/auth.go:112.4,122.41 2 0
n8n-pro/internal/api/middleware/auth.go:128.94,134.2 2 0
n8n-pro/internal/api/middleware/auth.go:137.107,138.46 1 0
n8n-pro/internal/api/middleware/auth.go:138.46,139.101 1 0
n8n-pro/internal/api/middleware/auth.go:139.101,141.19 2 0
n8n-pro/internal/api/middleware/auth.go:141.19,144.5 2 0
n8n-pro/internal/api/middleware/auth.go:146.4,146.49 1 0
n8n-pro/internal/api/middleware/auth.go:146.49,150.5 3 0
n8n-pro/internal/api/middleware/auth.go:152.4,152.24 1 0
n8n-pro/internal/api/middleware/auth.go:158.70,159.46 1 0
n8n-pro/internal/api/middleware/auth.go:159.46,160.72 1 0
n8n-pro/internal/api/middleware/auth.go:160.72,162.19 2 0
n8n-pro/internal/api/middleware/auth.go:162.19,165.5 2 0
n8n-pro/internal/api/middleware/auth.go:167.4,167.47 1 0
n8n-pro/internal/api/middleware/auth.go:167.47,170.5 2 0
n8n-pro/internal/api/middleware/auth.go:172.4,172.24 1 0
n8n-pro/internal/api/middleware/auth.go:178.125,179.46 1 0
n8n-pro/internal/api/middleware/auth.go:179.46,180.72 1 0
n8n-pro/internal/api/middleware/auth.go:180.72,185.20 3 0
n8n-pro/internal/api/middleware/auth.go:185.20,188.5 1 0
n8n-pro/internal/api/middleware/auth.go:190.4,190.20 1 0
n8n-pro/internal/api/middleware/auth.go:190.20,193.5 2 0
n8n-pro/internal/api/middleware/auth.go:196.4,197.18 2 0
n8n-pro/internal/api/middleware/auth.go:197.18,201.5 3 0
n8n-pro/internal/api/middleware/auth.go:204.4,213.41 3 0
n8n-pro/internal/api/middleware/auth.go:219.59,220.62 1 0
n8n-pro/internal/api/middleware/auth.go:220.62,222.3 1 0
n8n-pro/internal/api/middleware/auth.go:223.2,223.12 1 0
n8n-pro/internal/api/middleware/auth.go:227.59,228.62 1 0
n8n-pro/internal/api/middleware/auth.go:228.62,230.3 1 0
n8n-pro/internal/api/middleware/auth.go:231.2,231.12 1 0
n8n-pro/internal/api/middleware/auth.go:235.58,236.66 1 0
n8n-pro/internal/api/middleware/auth.go:236.66,238.3 1 0
n8n-pro/internal/api/middleware/auth.go:239.2,239.11 1 0
n8n-pro/internal/api/middleware/auth.go:244.58,246.22 2 0
n8n-pro/internal/api/middleware/auth.go:246.22,248.3 1 0
n8n-pro/internal/api/middleware/auth.go:250.2,250.50 1 0
n8n-pro/internal/api/middleware/auth.go:250.50,252.3 1 0
n8n-pro/internal/api/middleware/auth.go:254.2,255.17 2 0
n8n-pro/internal/api/middleware/auth.go:255.17,257.3 1 0
n8n-pro/internal/api/middleware/auth.go:259.2,259.19 1 0
n8n-pro/internal/api/middleware/auth.go:262.59,263.37 1 0
n8n-pro/internal/api/middleware/auth.go:263.37,264.40 1 0
n8n-pro/internal/api/middleware/auth.go:264.40,266.4 1 0
n8n-pro/internal/api/middleware/auth.go:270.2,281.44 2 0
n8n-pro/internal/api/middleware/auth.go:281.44,282.64 1 0
n8n-pro/internal/api/middleware/auth.go:282.64,284.4 1 0
n8n-pro/internal/api/middleware/auth.go:287.2,287.14 1 0
n8n-pro/internal/api/middleware/auth.go:290.66,291.30 1 0
n8n-pro/internal/api/middleware/auth.go:291.30,293.3 1 0
n8n-pro/internal/api/middleware/auth.go:295.2,296.35 2 0
n8n-pro/internal/api/middleware/auth.go:296.35,298.3 1 0
n8n-pro/internal/api/middleware/auth.go:300.2,300.42 1 0
n8n-pro/internal/api/middleware/auth.go:300.42,301.26 1 0
n8n-pro/internal/api/middleware/auth.go:301.26,303.4 1 0
n8n-pro/internal/api/middleware/auth.go:306.2,306.13 1 0
n8n-pro/internal/api/middleware/auth.go:309.42,312.15 2 0
n8n-pro/internal/api/middleware/auth.go:312.15,315.19 2 0
n8n-pro/internal/api/middleware/auth.go:315.19,317.4 1 0
n8n-pro/internal/api/middleware/auth.go:321.2,322.15 2 0
n8n-pro/internal/api/middleware/auth.go:322.15,324.3 1 0
n8n-pro/internal/api/middleware/auth.go:327.2,328.31 2 0
n8n-pro/internal/api/middleware/auth.go:328.31,330.12 2 0
n8n-pro/internal/api/middleware/auth.go:330.12,332.4 1 0
n8n-pro/internal/api/middleware/auth.go:335.2,335.11 1 0
n8n-pro/internal/api/middleware/auth.go:338.59,344.54 4 0
n8n-pro/internal/api/middleware/auth.go:344.54,347.3 2 0
n8n-pro/internal/api/middleware/auth.go:347.8,350.3 2 0
n8n-pro/internal/api/middleware/auth.go:352.2,354.27 3 0
n8n-pro/internal/api/middleware/auth.go:358.110,359.46 1 0
n8n-pro/internal/api/middleware/auth.go:359.46,360.72 1 0
n8n-pro/internal/api/middleware/auth.go:360.72,364.47 2 0
n8n-pro/internal/api/middleware/auth.go:364.47,366.5 1 0
n8n-pro/internal/api/middleware/auth.go:368.4,374.38 5 0
n8n-pro/internal/api/middleware/auth.go:374.38,377.5 2 0
n8n-pro/internal/api/middleware/auth.go:379.4,379.24 1 0
n8n-pro/internal/api/middleware/auth.go:384.67,385.41 1 0
n8n-pro/internal/api/middleware/auth.go:385.41,386.42 1 0
n8n-pro/internal/api/middleware/auth.go:386.42,388.4 1 0
n8n-pro/internal/api/middleware/auth.go:390.2,390.14 1 0
n8n-pro/internal/api/middleware/auth.go:394.71,399.2 1 0
n8n-pro/internal/api/middleware/auth.go:406.49,408.2 1 0
n8n-pro/internal/api/middleware/ratelimit.go:24.48,34.2 1 0
n8n-pro/internal/api/middleware/ratelimit.go:56.78,57.19 1 0
n8n-pro/internal/api/middleware/ratelimit.go:57.19,59.3 1 0
n8n-pro/internal/api/middleware/ratelimit.go:61.2,72.16 4 0
n8n-pro/internal/api/middleware/ratelimit.go:76.69,77.46 1 0
n8n-pro/internal/api/middleware/ratelimit.go:77.46,78.72 1 0
n8n-pro/internal/api/middleware/ratelimit.go:78.72,80.37 1 0
n8n-pro/internal/api/middleware/ratelimit.go:80.37,83.5 2 0
n8n-pro/internal/api/middleware/ratelimit.go:86.4,92.31 3 0
n8n-pro/internal/api/middleware/ratelimit.go:92.31,94.5 1 0
n8n-pro/internal/api/middleware/ratelimit.go:96.4,96.16 1 0
n8n-pro/internal/api/middleware/ratelimit.go:96.16,109.5 6 0
n8n-pro/internal/api/middleware/ratelimit.go:111.4,111.24 1 0
n8n-pro/internal/api/middleware/ratelimit.go:117.102,125.13 5 0
n8n-pro/internal/api/middleware/ratelimit.go:125.13,131.3 2 0
n8n-pro/internal/api/middleware/ratelimit.go:133.2,141.48 5 0
n8n-pro/internal/api/middleware/ratelimit.go:141.48,143.3 1 0
n8n-pro/internal/api/middleware/ratelimit.go:146.2,147.44 2 0
n8n-pro/internal/api/middleware/ratelimit.go:147.44,149.3 1 0
n8n-pro/internal/api/middleware/ratelimit.go:152.2,152.49 1 0
n8n-pro/internal/api/middleware/ratelimit.go:152.49,154.76 1 0
n8n-pro/internal/api/middleware/ratelimit.go:154.76,156.4 1 0
n8n-pro/internal/api/middleware/ratelimit.go:160.2,166.94 5 0
n8n-pro/internal/api/middleware/ratelimit.go:166.94,168.3 1 0
n8n-pro/internal/api/middleware/ratelimit.go:170.2,170.46 1 0
n8n-pro/internal/api/middleware/ratelimit.go:174.77,179.38 3 0
n8n-pro/internal/api/middleware/ratelimit.go:179.38,180.24 1 0
n8n-pro/internal/api/middleware/ratelimit.go:180.24,182.9 2 0
n8n-pro/internal/api/middleware/ratelimit.go:184.3,184.34 1 0
n8n-pro/internal/api/middleware/ratelimit.go:184.34,187.4 1 0
n8n-pro/internal/api/middleware/ratelimit.go:191.2,191.15 1 0
n8n-pro/internal/api/middleware/ratelimit.go:191.15,193.3 1 0
n8n-pro/internal/api/middleware/ratelimit.go:197.89,199.31 2 0
n8n-pro/internal/api/middleware/ratelimit.go:199.31,200.23 1 0
n8n-pro/internal/api/middleware/ratelimit.go:200.23,202.4 1 0
n8n-pro/internal/api/middleware/ratelimit.go:204.2,204.14 1 0
n8n-pro/internal/api/middleware/ratelimit.go:208.91,209.24 1 0
n8n-pro/internal/api/middleware/ratelimit.go:209.24,211.3 1 0
n8n-pro/internal/api/middleware/ratelimit.go:214.2,215.31 2 0
n8n-pro/internal/api/middleware/ratelimit.go:215.31,216.28 1 0
n8n-pro/internal/api/middleware/ratelimit.go:216.28,218.4 1 0
n8n-pro/internal/api/middleware/ratelimit.go:221.2,221.12 1 0
n8n-pro/internal/api/middleware/ratelimit.go:225.103,229.2 3 0
n8n-pro/internal/api/middleware/ratelimit.go:232.57,233.47 1 0
n8n-pro/internal/api/middleware/ratelimit.go:233.47,234.23 1 0
n8n-pro/internal/api/middleware/ratelimit.go:234.23,236.4 1 0
n8n-pro/internal/api/middleware/ratelimit.go:238.2,238.14 1 0
n8n-pro/internal/api/middleware/ratelimit.go:242.41,248.6 4 0
n8n-pro/internal/api/middleware/ratelimit.go:248.6,249.10 1 0
n8n-pro/internal/api/middleware/ratelimit.go:250.19,251.16 1 0
n8n-pro/internal/api/middleware/ratelimit.go:252.22,253.10 1 0
n8n-pro/internal/api/middleware/ratelimit.go:259.34,267.38 6 0
n8n-pro/internal/api/middleware/ratelimit.go:267.38,268.37 1 0
n8n-pro/internal/api/middleware/ratelimit.go:268.37,270.4 1 0
n8n-pro/internal/api/middleware/ratelimit.go:273.2,273.35 1 0
n8n-pro/internal/api/middleware/ratelimit.go:273.35,275.3 1 0
n8n-pro/internal/api/middleware/ratelimit.go:277.2,277.27 1 0
n8n-pro/internal/api/middleware/ratelimit.go:277.27,279.3 1 0
n8n-pro/internal/api/middleware/ratelimit.go:283.31,286.2 2 0
n8n-pro/internal/api/middleware/ratelimit.go:289.58,297.36 6 0
n8n-pro/internal/api/middleware/ratelimit.go:297.36,299.43 2 0
n8n-pro/internal/api/middleware/ratelimit.go:299.43,301.4 1 0
n8n-pro/internal/api/middleware/ratelimit.go:304.2,311.3 1 0
n8n-pro/internal/api/middleware/ratelimit.go:315.42,320.2 3 0
n8n-pro/internal/api/middleware/ratelimit.go:323.35,328.2 3 0
n8n-pro/internal/api/middleware/ratelimit.go:333.45,335.55 1 0
n8n-pro/internal/api/middleware/ratelimit.go:335.55,337.3 1 0
n8n-pro/internal/api/middleware/ratelimit.go:340.2,340.49 1 0
n8n-pro/internal/api/middleware/ratelimit.go:340.49,342.3 1 0
n8n-pro/internal/api/middleware/ratelimit.go:345.2,345.21 1 0
n8n-pro/internal/api/middleware/ratelimit.go:349.45,351.2 1 0
n8n-pro/internal/api/middleware/ratelimit.go:354.47,355.38 1 0
n8n-pro/internal/api/middleware/ratelimit.go:355.38,356.59 1 0
n8n-pro/internal/api/middleware/ratelimit.go:356.59,358.4 1 0
n8n-pro/internal/api/middleware/ratelimit.go:359.3,359.27 1 0
n8n-pro/internal/api/middleware/ratelimit.go:364.46,365.38 1 0
n8n-pro/internal/api/middleware/ratelimit.go:365.38,366.56 1 0
n8n-pro/internal/api/middleware/ratelimit.go:366.56,368.4 1 0
n8n-pro/internal/api/middleware/ratelimit.go:369.3,369.27 1 0
n8n-pro/internal/api/middleware/ratelimit.go:374.52,375.38 1 0
n8n-pro/internal/api/middleware/ratelimit.go:375.38,377.59 1 0
n8n-pro/internal/api/middleware/ratelimit.go:377.59,379.4 1 0
n8n-pro/internal/api/middleware/ratelimit.go:382.3,382.56 1 0
n8n-pro/internal/api/middleware/ratelimit.go:382.56,384.4 1 0
n8n-pro/internal/api/middleware/ratelimit.go:387.3,387.35 1 0
n8n-pro/internal/api/middleware/ratelimit.go:392.151,396.38 2 0
n8n-pro/internal/api/middleware/ratelimit.go:396.38,398.3 1 0
n8n-pro/internal/api/middleware/ratelimit.go:401.2,403.46 2 0
n8n-pro/internal/api/middleware/ratelimit.go:403.46,404.72 1 0
n8n-pro/internal/api/middleware/ratelimit.go:404.72,407.63 2 0
n8n-pro/internal/api/middleware/ratelimit.go:407.63,409.5 1 0
n8n-pro/internal/api/middleware/ratelimit.go:412.4,412.46 1 0
n8n-pro/internal/api/handlers/workflows.go:20.70,22.2 1 6
n8n-pro/internal/api/handlers/workflows.go:43.82,45.17 2 4
n8n-pro/internal/api/handlers/workflows.go:45.17,48.3 2 4
n8n-pro/internal/api/handlers/workflows.go:50.2,51.61 2 0
n8n-pro/internal/api/handlers/workflows.go:51.61,54.3 2 0
n8n-pro/internal/api/handlers/workflows.go:57.2,73.16 3 0
n8n-pro/internal/api/handlers/workflows.go:73.16,76.3 2 0
n8n-pro/internal/api/handlers/workflows.go:78.2,78.54 1 0
n8n-pro/internal/api/handlers/workflows.go:81.79,83.17 2 2
n8n-pro/internal/api/handlers/workflows.go:83.17,86.3 2 2
n8n-pro/internal/api/handlers/workflows.go:88.2,89.14 2 0
n8n-pro/internal/api/handlers/workflows.go:89.14,92.3 2 0
n8n-pro/internal/api/handlers/workflows.go:94.2,95.16 2 0
n8n-pro/internal/api/handlers/workflows.go:95.16,98.3 2 0
n8n-pro/internal/api/handlers/workflows.go:100.2,100.42 1 0
n8n-pro/internal/api/handlers/workflows.go:103.81,105.17 2 3
n8n-pro/internal/api/handlers/workflows.go:105.17,108.3 2 3
n8n-pro/internal/api/handlers/workflows.go:111.2,116.57 2 0
n8n-pro/internal/api/handlers/workflows.go:116.57,119.3 2 0
n8n-pro/internal/api/handlers/workflows.go:121.2,121.57 1 0
n8n-pro/internal/api/handlers/workflows.go:121.57,123.3 1 0
n8n-pro/internal/api/handlers/workflows.go:125.2,125.61 1 0
n8n-pro/internal/api/handlers/workflows.go:125.61,127.3 1 0
n8n-pro/internal/api/handlers/workflows.go:129.2,129.70 1 0
n8n-pro/internal/api/handlers/workflows.go:129.70,132.3 2 0
n8n-pro/internal/api/handlers/workflows.go:135.2,138.45 3 0
n8n-pro/internal/api/handlers/workflows.go:138.45,139.63 1 0
n8n-pro/internal/api/handlers/workflows.go:139.63,141.4 1 0
n8n-pro/internal/api/handlers/workflows.go:144.2,144.52 1 0
n8n-pro/internal/api/handlers/workflows.go:144.52,145.82 1 0
n8n-pro/internal/api/handlers/workflows.go:145.82,147.4 1 0
n8n-pro/internal/api/handlers/workflows.go:151.2,155.16 4 0
n8n-pro/internal/api/handlers/workflows.go:155.16,158.3 2 0
n8n-pro/internal/api/handlers/workflows.go:160.2,165.42 2 0
n8n-pro/internal/api/handlers/workflows.go:168.82,170.17 2 1
n8n-pro/internal/api/handlers/workflows.go:170.17,173.3 2 1
n8n-pro/internal/api/handlers/workflows.go:175.2,176.14 2 0
n8n-pro/internal/api/handlers/workflows.go:176.14,179.3 2 0
n8n-pro/internal/api/handlers/workflows.go:181.2,182.61 2 0
n8n-pro/internal/api/handlers/workflows.go:182.61,185.3 2 0
n8n-pro/internal/api/handlers/workflows.go:188.2,189.16 2 0
n8n-pro/internal/api/handlers/workflows.go:189.16,192.3 2 0
n8n-pro/internal/api/handlers/workflows.go:195.2,202.23 7 0
n8n-pro/internal/api/handlers/workflows.go:202.23,204.3 1 0
n8n-pro/internal/api/handlers/workflows.go:206.2,207.16 2 0
n8n-pro/internal/api/handlers/workflows.go:207.16,210.3 2 0
n8n-pro/internal/api/handlers/workflows.go:212.2,212.49 1 0
n8n-pro/internal/api/handlers/workflows.go:215.82,217.17 2 2
n8n-pro/internal/api/handlers/workflows.go:217.17,220.3 2 2
n8n-pro/internal/api/handlers/workflows.go:222.2,223.14 2 0
n8n-pro/internal/api/handlers/workflows.go:223.14,226.3 2 0
n8n-pro/internal/api/handlers/workflows.go:228.2,228.67 1 0
n8n-pro/internal/api/handlers/workflows.go:228.67,231.3 2 0
n8n-pro/internal/api/handlers/workflows.go:233.2,233.37 1 0
n8n-pro/internal/api/handlers/workflows.go:238.51,244.54 4 13
n8n-pro/internal/api/handlers/workflows.go:244.54,247.3 2 13
n8n-pro/internal/api/handlers/workflows.go:247.8,250.3 2 0
n8n-pro/internal/api/handlers/workflows.go:252.2,254.37 3 13
n8n-pro/internal/api/handlers/workflows.go:257.76,262.2 4 1
n8n-pro/internal/auth/jwt/jwt.go:38.35,40.2 1 0
n8n-pro/internal/auth/jwt/jwt.go:43.33,45.2 1 0
n8n-pro/internal/auth/jwt/jwt.go:59.30,69.2 1 0
n8n-pro/internal/auth/jwt/jwt.go:78.35,79.19 1 0
n8n-pro/internal/auth/jwt/jwt.go:79.19,81.3 1 0
n8n-pro/internal/auth/jwt/jwt.go:83.2,86.3 1 0
n8n-pro/internal/auth/jwt/jwt.go:99.130,125.16 4 0
n8n-pro/internal/auth/jwt/jwt.go:125.16,127.3 1 0
n8n-pro/internal/auth/jwt/jwt.go:130.2,152.16 3 0
n8n-pro/internal/auth/jwt/jwt.go:152.16,154.3 1 0
n8n-pro/internal/auth/jwt/jwt.go:156.2,162.8 1 0
n8n-pro/internal/auth/jwt/jwt.go:166.70,167.104 1 0
n8n-pro/internal/auth/jwt/jwt.go:167.104,169.58 1 0
n8n-pro/internal/auth/jwt/jwt.go:169.58,171.4 1 0
n8n-pro/internal/auth/jwt/jwt.go:172.3,172.38 1 0
n8n-pro/internal/auth/jwt/jwt.go:175.2,175.16 1 0
n8n-pro/internal/auth/jwt/jwt.go:175.16,177.3 1 0
n8n-pro/internal/auth/jwt/jwt.go:179.2,180.25 2 0
n8n-pro/internal/auth/jwt/jwt.go:180.25,182.3 1 0
n8n-pro/internal/auth/jwt/jwt.go:185.2,185.23 1 0
n8n-pro/internal/auth/jwt/jwt.go:185.23,187.3 1 0
n8n-pro/internal/auth/jwt/jwt.go:189.2,189.20 1 0
n8n-pro/internal/auth/jwt/jwt.go:193.83,196.16 2 0
n8n-pro/internal/auth/jwt/jwt.go:196.16,198.3 1 0
n8n-pro/internal/auth/jwt/jwt.go:201.2,201.38 1 0
n8n-pro/internal/auth/jwt/jwt.go:201.38,203.3 1 0
n8n-pro/internal/auth/jwt/jwt.go:206.2,214.3 1 0
n8n-pro/internal/auth/jwt/jwt.go:218.70,220.16 2 0
n8n-pro/internal/auth/jwt/jwt.go:220.16,222.3 1 0
n8n-pro/internal/auth/jwt/jwt.go:224.2,225.9 2 0
n8n-pro/internal/auth/jwt/jwt.go:225.9,227.3 1 0
n8n-pro/internal/auth/jwt/jwt.go:229.2,229.20 1 0
n8n-pro/internal/auth/jwt/jwt.go:233.59,235.16 2 0
n8n-pro/internal/auth/jwt/jwt.go:235.16,237.3 1 0
n8n-pro/internal/auth/jwt/jwt.go:238.2,238.27 1 0
n8n-pro/internal/auth/jwt/jwt.go:242.74,244.16 2 0
n8n-pro/internal/auth/jwt/jwt.go:244.16,246.3 1 0
n8n-pro/internal/auth/jwt/jwt.go:248.2,249.13 2 0
n8n-pro/internal/auth/jwt/jwt.go:249.13,251.3 1 0
n8n-pro/internal/auth/jwt/jwt.go:253.2,253.17 1 0
n8n-pro/internal/auth/jwt/jwt.go:257.65,260.2 2 0
n8n-pro/internal/auth/jwt/jwt.go:263.46,265.44 2 0
n8n-pro/internal/auth/jwt/jwt.go:265.44,268.3 1 0
n8n-pro/internal/auth/jwt/jwt.go:269.2,269.34 1 0
n8n-pro/internal/auth/jwt/jwt.go:273.76,275.16 2 0
n8n-pro/internal/auth/jwt/jwt.go:275.16,277.3 1 0
n8n-pro/internal/auth/jwt/jwt.go:279.2,279.37 1 0
n8n-pro/internal/auth/jwt/jwt.go:279.37,281.3 1 0
n8n-pro/internal/auth/jwt/jwt.go:283.2,283.20 1 0
n8n-pro/internal/auth/jwt/jwt.go:287.77,289.16 2 0
n8n-pro/internal/auth/jwt/jwt.go:289.16,291.3 1 0
n8n-pro/internal/auth/jwt/jwt.go:293.2,293.38 1 0
n8n-pro/internal/auth/jwt/jwt.go:293.38,295.3 1 0
n8n-pro/internal/auth/jwt/jwt.go:297.2,297.20 1 0
n8n-pro/internal/auth/jwt/jwt.go:301.127,325.2 4 0
n8n-pro/internal/auth/jwt/jwt.go:328.57,333.16 2 0
n8n-pro/internal/auth/jwt/jwt.go:333.16,335.3 1 0
n8n-pro/internal/auth/jwt/jwt.go:340.2,340.12 1 0
n8n-pro/internal/auth/jwt/jwt.go:344.74,346.16 2 0
n8n-pro/internal/auth/jwt/jwt.go:346.16,348.3 1 0
n8n-pro/internal/auth/jwt/jwt.go:349.2,349.27 1 0
n8n-pro/internal/auth/jwt/jwt.go:353.82,374.2 4 0
n8n-pro/internal/auth/jwt/jwt.go:377.86,398.2 4 0
n8n-pro/internal/auth/oauth/oauth.go:55.60,82.2 1 0
n8n-pro/internal/auth/oauth/oauth.go:126.79,127.19 1 0
n8n-pro/internal/auth/oauth/oauth.go:127.19,131.3 1 0
n8n-pro/internal/auth/oauth/oauth.go:133.2,139.3 1 0
n8n-pro/internal/auth/oauth/oauth.go:143.102,145.40 2 0
n8n-pro/internal/auth/oauth/oauth.go:145.40,147.3 1 0
n8n-pro/internal/auth/oauth/oauth.go:150.2,177.18 14 0
n8n-pro/internal/auth/oauth/oauth.go:178.22,180.34 2 0
n8n-pro/internal/auth/oauth/oauth.go:181.25,183.34 2 0
n8n-pro/internal/auth/oauth/oauth.go:186.2,194.28 3 0
n8n-pro/internal/auth/oauth/oauth.go:198.111,201.13 2 0
n8n-pro/internal/auth/oauth/oauth.go:201.13,203.3 1 0
n8n-pro/internal/auth/oauth/oauth.go:206.2,209.38 2 0
n8n-pro/internal/auth/oauth/oauth.go:209.38,211.3 1 0
n8n-pro/internal/auth/oauth/oauth.go:213.2,213.56 1 0
n8n-pro/internal/auth/oauth/oauth.go:213.56,215.3 1 0
n8n-pro/internal/auth/oauth/oauth.go:218.2,219.16 2 0
n8n-pro/internal/auth/oauth/oauth.go:219.16,221.3 1 0
n8n-pro/internal/auth/oauth/oauth.go:224.2,225.16 2 0
n8n-pro/internal/auth/oauth/oauth.go:225.16,227.3 1 0
n8n-pro/internal/auth/oauth/oauth.go:229.2,257.16 4 0
n8n-pro/internal/auth/oauth/oauth.go:257.16,259.3 1 0
n8n-pro/internal/auth/oauth/oauth.go:261.2,261.29 1 0
n8n-pro/internal/auth/oauth/oauth.go:265.110,278.16 10 0
n8n-pro/internal/auth/oauth/oauth.go:278.16,280.3 1 0
n8n-pro/internal/auth/oauth/oauth.go:282.2,286.18 3 0
n8n-pro/internal/auth/oauth/oauth.go:287.22,288.47 1 0
n8n-pro/internal/auth/oauth/oauth.go:291.2,292.16 2 0
n8n-pro/internal/auth/oauth/oauth.go:292.16,294.3 1 0
n8n-pro/internal/auth/oauth/oauth.go:295.2,297.38 2 0
n8n-pro/internal/auth/oauth/oauth.go:297.38,300.3 2 0
n8n-pro/internal/auth/oauth/oauth.go:302.2,303.74 2 0
n8n-pro/internal/auth/oauth/oauth.go:303.74,305.3 1 0
n8n-pro/internal/auth/oauth/oauth.go:307.2,307.28 1 0
n8n-pro/internal/auth/oauth/oauth.go:311.89,315.16 3 0
n8n-pro/internal/auth/oauth/oauth.go:315.16,317.3 1 0
n8n-pro/internal/auth/oauth/oauth.go:319.2,323.16 4 0
n8n-pro/internal/auth/oauth/oauth.go:323.16,325.3 1 0
n8n-pro/internal/auth/oauth/oauth.go:326.2,328.38 2 0
n8n-pro/internal/auth/oauth/oauth.go:328.38,331.3 2 0
n8n-pro/internal/auth/oauth/oauth.go:333.2,334.16 2 0
n8n-pro/internal/auth/oauth/oauth.go:334.16,336.3 1 0
n8n-pro/internal/auth/oauth/oauth.go:339.2,340.16 2 0
n8n-pro/internal/auth/oauth/oauth.go:340.16,342.3 1 0
n8n-pro/internal/auth/oauth/oauth.go:344.2,347.22 3 0
n8n-pro/internal/auth/oauth/oauth.go:351.84,354.18 2 0
n8n-pro/internal/auth/oauth/oauth.go:355.22,366.59 2 0
n8n-pro/internal/auth/oauth/oauth.go:366.59,368.4 1 0
n8n-pro/internal/auth/oauth/oauth.go:370.3,378.4 1 0
n8n-pro/internal/auth/oauth/oauth.go:380.22,389.59 2 0
n8n-pro/internal/auth/oauth/oauth.go:389.59,391.4 1 0
n8n-pro/internal/auth/oauth/oauth.go:394.3,394.29 1 0
n8n-pro/internal/auth/oauth/oauth.go:394.29,396.4 1 0
n8n-pro/internal/auth/oauth/oauth.go:398.3,404.4 1 0
n8n-pro/internal/auth/oauth/oauth.go:406.25,416.55 2 0
n8n-pro/internal/auth/oauth/oauth.go:416.55,418.4 1 0
n8n-pro/internal/auth/oauth/oauth.go:420.3,421.18 2 0
n8n-pro/internal/auth/oauth/oauth.go:421.18,423.4 1 0
n8n-pro/internal/auth/oauth/oauth.go:425.3,432.4 1 0
n8n-pro/internal/auth/oauth/oauth.go:434.21,444.62 2 0
n8n-pro/internal/auth/oauth/oauth.go:444.62,446.4 1 0
n8n-pro/internal/auth/oauth/oauth.go:448.3,448.24 1 0
n8n-pro/internal/auth/oauth/oauth.go:448.24,450.4 1 0
n8n-pro/internal/auth/oauth/oauth.go:452.3,457.4 1 0
n8n-pro/internal/auth/oauth/oauth.go:459.10,460.63 1 0
n8n-pro/internal/auth/oauth/oauth.go:463.2,463.23 1 0
n8n-pro/internal/auth/oauth/oauth.go:467.65,469.16 2 0
n8n-pro/internal/auth/oauth/oauth.go:469.16,471.3 1 0
n8n-pro/internal/auth/oauth/oauth.go:473.2,477.16 4 0
n8n-pro/internal/auth/oauth/oauth.go:477.16,479.3 1 0
n8n-pro/internal/auth/oauth/oauth.go:480.2,482.38 2 0
n8n-pro/internal/auth/oauth/oauth.go:482.38,484.3 1 0
n8n-pro/internal/auth/oauth/oauth.go:486.2,492.67 2 0
n8n-pro/internal/auth/oauth/oauth.go:492.67,494.3 1 0
n8n-pro/internal/auth/oauth/oauth.go:497.2,497.31 1 0
n8n-pro/internal/auth/oauth/oauth.go:497.31,498.38 1 0
n8n-pro/internal/auth/oauth/oauth.go:498.38,500.4 1 0
n8n-pro/internal/auth/oauth/oauth.go:504.2,504.31 1 0
n8n-pro/internal/auth/oauth/oauth.go:504.31,505.21 1 0
n8n-pro/internal/auth/oauth/oauth.go:505.21,507.4 1 0
n8n-pro/internal/auth/oauth/oauth.go:510.2,510.11 1 0
n8n-pro/internal/auth/oauth/oauth.go:514.96,524.16 8 0
n8n-pro/internal/auth/oauth/oauth.go:524.16,526.3 1 0
n8n-pro/internal/auth/oauth/oauth.go:528.2,532.16 4 0
n8n-pro/internal/auth/oauth/oauth.go:532.16,534.3 1 0
n8n-pro/internal/auth/oauth/oauth.go:535.2,537.38 2 0
n8n-pro/internal/auth/oauth/oauth.go:537.38,540.3 2 0
n8n-pro/internal/auth/oauth/oauth.go:542.2,543.74 2 0
n8n-pro/internal/auth/oauth/oauth.go:543.74,545.3 1 0
n8n-pro/internal/auth/oauth/oauth.go:547.2,547.28 1 0
n8n-pro/internal/auth/oauth/oauth.go:551.42,553.43 2 0
n8n-pro/internal/auth/oauth/oauth.go:553.43,554.54 1 0
n8n-pro/internal/auth/oauth/oauth.go:554.54,556.4 1 0
n8n-pro/internal/auth/oauth/oauth.go:562.46,564.44 2 0
n8n-pro/internal/auth/oauth/oauth.go:564.44,566.3 1 0
n8n-pro/internal/auth/oauth/oauth.go:567.2,567.58 1 0
n8n-pro/internal/auth/oauth/oauth.go:570.52,573.2 2 0
n8n-pro/internal/auth/oauth/oauth.go:576.63,579.2 2 0
n8n-pro/internal/auth/oauth/oauth.go:582.54,584.51 2 0
n8n-pro/internal/auth/oauth/oauth.go:584.51,585.21 1 0
n8n-pro/internal/auth/oauth/oauth.go:585.21,587.4 1 0
n8n-pro/internal/auth/oauth/oauth.go:589.2,589.18 1 0
n8n-pro/internal/auth/oauth/oauth.go:593.67,595.13 2 0
n8n-pro/internal/auth/oauth/oauth.go:595.13,597.3 1 0
n8n-pro/internal/auth/oauth/oauth.go:599.2,599.27 1 0
n8n-pro/internal/auth/oauth/oauth.go:599.27,601.3 1 0
n8n-pro/internal/auth/oauth/oauth.go:603.2,603.31 1 0
n8n-pro/internal/auth/oauth/oauth.go:603.31,605.3 1 0
n8n-pro/internal/auth/oauth/oauth.go:607.2,607.30 1 0
n8n-pro/internal/auth/oauth/oauth.go:607.30,609.3 1 0
n8n-pro/internal/auth/oauth/oauth.go:611.2,611.12 1 0
n8n-pro/internal/config/config.go:337.30,360.42 2 0
n8n-pro/internal/config/config.go:360.42,362.3 1 0
n8n-pro/internal/config/config.go:364.2,364.20 1 0
n8n-pro/internal/config/config.go:367.33,389.2 1 0
n8n-pro/internal/config/config.go:391.43,410.2 1 0
n8n-pro/internal/config/config.go:412.37,432.2 1 0
n8n-pro/internal/config/config.go:434.37,457.2 1 0
n8n-pro/internal/config/loader.go:15.35,48.2 1 0
n8n-pro/internal/config/loader.go:50.41,69.2 1 0
n8n-pro/internal/config/loader.go:71.45,84.2 1 0
n8n-pro/internal/config/loader.go:86.43,104.2 1 0
n8n-pro/internal/config/loader.go:106.41,116.2 1 0
n8n-pro/internal/config/loader.go:118.41,139.2 1 0
n8n-pro/internal/config/loader.go:141.37,163.2 1 0
n8n-pro/internal/config/loader.go:165.41,180.2 1 0
n8n-pro/internal/config/loader.go:182.39,195.2 1 0
n8n-pro/internal/config/loader.go:197.41,216.2 1 0
n8n-pro/internal/config/loader.go:218.39,233.2 1 0
n8n-pro/internal/config/loader.go:236.35,240.27 2 0
n8n-pro/internal/config/loader.go:240.27,242.3 1 0
n8n-pro/internal/config/loader.go:243.2,243.31 1 0
n8n-pro/internal/config/loader.go:243.31,245.3 1 0
n8n-pro/internal/config/loader.go:246.2,246.61 1 0
n8n-pro/internal/config/loader.go:246.61,248.3 1 0
n8n-pro/internal/config/loader.go:249.2,249.69 1 0
n8n-pro/internal/config/loader.go:249.69,251.3 1 0
n8n-pro/internal/config/loader.go:254.2,254.42 1 0
n8n-pro/internal/config/loader.go:254.42,256.3 1 0
n8n-pro/internal/config/loader.go:257.2,257.50 1 0
n8n-pro/internal/config/loader.go:257.50,259.3 1 0
n8n-pro/internal/config/loader.go:262.2,262.27 1 0
n8n-pro/internal/config/loader.go:262.27,264.3 1 0
n8n-pro/internal/config/loader.go:265.2,265.28 1 0
n8n-pro/internal/config/loader.go:265.28,267.3 1 0
n8n-pro/internal/config/loader.go:270.2,270.31 1 0
n8n-pro/internal/config/loader.go:270.31,272.3 1 0
n8n-pro/internal/config/loader.go:275.2,275.32 1 0
n8n-pro/internal/config/loader.go:275.32,276.38 1 0
n8n-pro/internal/config/loader.go:276.38,278.4 1 0
n8n-pro/internal/config/loader.go:279.3,279.43 1 0
n8n-pro/internal/config/loader.go:279.43,281.4 1 0
n8n-pro/internal/config/loader.go:282.3,282.47 1 0
n8n-pro/internal/config/loader.go:282.47,284.4 1 0
n8n-pro/internal/config/loader.go:287.2,287.22 1 0
n8n-pro/internal/config/loader.go:287.22,289.3 1 0
n8n-pro/internal/config/loader.go:291.2,291.12 1 0
n8n-pro/internal/config/loader.go:295.34,298.2 1 0
n8n-pro/internal/config/loader.go:301.38,303.2 1 0
n8n-pro/internal/config/loader.go:306.39,308.2 1 0
n8n-pro/internal/config/loader.go:311.32,313.2 1 0
n8n-pro/internal/config/loader.go:317.52,318.42 1 0
n8n-pro/internal/config/loader.go:318.42,320.3 1 0
n8n-pro/internal/config/loader.go:321.2,321.21 1 0
n8n-pro/internal/config/loader.go:324.50,325.42 1 0
n8n-pro/internal/config/loader.go:325.42,326.55 1 0
n8n-pro/internal/config/loader.go:326.55,328.4 1 0
n8n-pro/internal/config/loader.go:330.2,330.21 1 0
n8n-pro/internal/config/loader.go:333.56,334.42 1 0
n8n-pro/internal/config/loader.go:334.42,335.67 1 0
n8n-pro/internal/config/loader.go:335.67,337.4 1 0
n8n-pro/internal/config/loader.go:339.2,339.21 1 0
n8n-pro/internal/config/loader.go:342.56,343.42 1 0
n8n-pro/internal/config/loader.go:343.42,344.67 1 0
n8n-pro/internal/config/loader.go:344.67,346.4 1 0
n8n-pro/internal/config/loader.go:348.2,348.21 1 0
n8n-pro/internal/config/loader.go:351.53,352.42 1 0
n8n-pro/internal/config/loader.go:352.42,353.61 1 0
n8n-pro/internal/config/loader.go:353.61,355.4 1 0
n8n-pro/internal/config/loader.go:357.2,357.21 1 0
n8n-pro/internal/config/loader.go:360.75,361.42 1 0
n8n-pro/internal/config/loader.go:361.42,362.61 1 0
n8n-pro/internal/config/loader.go:362.61,364.4 1 0
n8n-pro/internal/config/loader.go:366.3,366.54 1 0
n8n-pro/internal/config/loader.go:366.54,368.4 1 0
n8n-pro/internal/config/loader.go:370.2,370.21 1 0
n8n-pro/internal/config/loader.go:373.68,374.42 1 0
n8n-pro/internal/config/loader.go:374.42,376.3 1 0
n8n-pro/internal/config/loader.go:377.2,377.21 1 0
n8n-pro/internal/config/loader.go:383.26,385.2 1 0
n8n-pro/internal/config/loader.go:387.32,389.2 1 0
n8n-pro/internal/config/loader.go:392.25,394.16 2 0
n8n-pro/internal/config/loader.go:394.16,395.62 1 0
n8n-pro/internal/config/loader.go:397.2,398.15 2 0
n8n-pro/internal/config/loader.go:402.53,406.2 1 0
n8n-pro/internal/config/loader.go:409.52,413.2 1 0
n8n-pro/internal/config/loader.go:416.32,418.2 1 0
n8n-pro/internal/config/loader.go:421.67,425.2 1 0
n8n-pro/internal/execution/dag/dag.go:147.89,165.2 2 0
n8n-pro/internal/execution/dag/dag.go:168.41,169.17 1 0
n8n-pro/internal/execution/dag/dag.go:169.17,171.3 1 0
n8n-pro/internal/execution/dag/dag.go:172.2,172.19 1 0
n8n-pro/internal/execution/dag/dag.go:172.19,174.3 1 0
n8n-pro/internal/execution/dag/dag.go:176.2,179.43 3 0
n8n-pro/internal/execution/dag/dag.go:179.43,181.3 1 0
n8n-pro/internal/execution/dag/dag.go:184.2,184.23 1 0
n8n-pro/internal/execution/dag/dag.go:184.23,186.3 1 0
n8n-pro/internal/execution/dag/dag.go:187.2,187.30 1 0
n8n-pro/internal/execution/dag/dag.go:187.30,189.3 1 0
n8n-pro/internal/execution/dag/dag.go:190.2,190.28 1 0
n8n-pro/internal/execution/dag/dag.go:190.28,192.3 1 0
n8n-pro/internal/execution/dag/dag.go:194.2,195.12 2 0
n8n-pro/internal/execution/dag/dag.go:199.41,200.17 1 0
n8n-pro/internal/execution/dag/dag.go:200.17,202.3 1 0
n8n-pro/internal/execution/dag/dag.go:203.2,203.19 1 0
n8n-pro/internal/execution/dag/dag.go:203.19,205.3 1 0
n8n-pro/internal/execution/dag/dag.go:207.2,212.13 4 0
n8n-pro/internal/execution/dag/dag.go:212.13,214.3 1 0
n8n-pro/internal/execution/dag/dag.go:216.2,217.13 2 0
n8n-pro/internal/execution/dag/dag.go:217.13,219.3 1 0
n8n-pro/internal/execution/dag/dag.go:222.2,225.55 2 0
n8n-pro/internal/execution/dag/dag.go:225.55,227.3 1 0
n8n-pro/internal/execution/dag/dag.go:228.2,228.53 1 0
n8n-pro/internal/execution/dag/dag.go:228.53,230.3 1 0
n8n-pro/internal/execution/dag/dag.go:232.2,232.12 1 0
n8n-pro/internal/execution/dag/dag.go:236.32,241.43 3 0
n8n-pro/internal/execution/dag/dag.go:241.43,243.3 1 0
n8n-pro/internal/execution/dag/dag.go:246.2,246.31 1 0
n8n-pro/internal/execution/dag/dag.go:246.31,247.46 1 0
n8n-pro/internal/execution/dag/dag.go:247.46,249.4 1 0
n8n-pro/internal/execution/dag/dag.go:253.2,253.31 1 0
n8n-pro/internal/execution/dag/dag.go:253.31,254.46 1 0
n8n-pro/internal/execution/dag/dag.go:254.46,256.4 1 0
n8n-pro/internal/execution/dag/dag.go:259.2,259.12 1 0
n8n-pro/internal/execution/dag/dag.go:263.52,272.37 2 0
n8n-pro/internal/execution/dag/dag.go:272.37,274.3 1 0
n8n-pro/internal/execution/dag/dag.go:276.2,284.25 7 0
n8n-pro/internal/execution/dag/dag.go:284.25,288.3 3 0
n8n-pro/internal/execution/dag/dag.go:291.2,292.16 2 0
n8n-pro/internal/execution/dag/dag.go:293.31,294.42 1 0
n8n-pro/internal/execution/dag/dag.go:295.29,296.40 1 0
n8n-pro/internal/execution/dag/dag.go:297.10,298.61 1 0
n8n-pro/internal/execution/dag/dag.go:302.2,303.16 2 0
n8n-pro/internal/execution/dag/dag.go:303.16,305.23 2 0
n8n-pro/internal/execution/dag/dag.go:305.23,307.4 1 0
n8n-pro/internal/execution/dag/dag.go:308.8,310.26 2 0
n8n-pro/internal/execution/dag/dag.go:310.26,312.4 1 0
n8n-pro/internal/execution/dag/dag.go:315.2,318.24 4 0
n8n-pro/internal/execution/dag/dag.go:318.24,320.3 1 0
n8n-pro/internal/execution/dag/dag.go:321.2,330.12 3 0
n8n-pro/internal/execution/dag/dag.go:334.87,337.35 2 0
n8n-pro/internal/execution/dag/dag.go:337.35,340.27 2 0
n8n-pro/internal/execution/dag/dag.go:340.27,342.37 1 0
n8n-pro/internal/execution/dag/dag.go:342.37,343.10 1 0
n8n-pro/internal/execution/dag/dag.go:345.4,345.81 1 0
n8n-pro/internal/execution/dag/dag.go:349.3,350.59 2 0
n8n-pro/internal/execution/dag/dag.go:350.59,352.4 1 0
n8n-pro/internal/execution/dag/dag.go:353.3,353.27 1 0
n8n-pro/internal/execution/dag/dag.go:356.2,356.12 1 0
n8n-pro/internal/execution/dag/dag.go:360.85,365.35 4 0
n8n-pro/internal/execution/dag/dag.go:365.35,370.35 2 0
n8n-pro/internal/execution/dag/dag.go:370.35,371.27 1 0
n8n-pro/internal/execution/dag/dag.go:371.27,375.22 3 0
n8n-pro/internal/execution/dag/dag.go:375.22,377.59 2 0
n8n-pro/internal/execution/dag/dag.go:377.59,380.7 2 0
n8n-pro/internal/execution/dag/dag.go:382.6,385.22 4 0
n8n-pro/internal/execution/dag/dag.go:391.3,392.13 2 0
n8n-pro/internal/execution/dag/dag.go:392.13,395.4 2 0
n8n-pro/internal/execution/dag/dag.go:397.3,397.10 1 0
n8n-pro/internal/execution/dag/dag.go:398.24,400.14 2 0
n8n-pro/internal/execution/dag/dag.go:401.15,401.15 0 0
n8n-pro/internal/execution/dag/dag.go:403.21,405.20 2 0
n8n-pro/internal/execution/dag/dag.go:409.3,409.36 1 0
n8n-pro/internal/execution/dag/dag.go:412.2,412.12 1 0
n8n-pro/internal/execution/dag/dag.go:416.93,417.19 1 0
n8n-pro/internal/execution/dag/dag.go:417.19,421.3 3 0
n8n-pro/internal/execution/dag/dag.go:423.2,431.26 5 0
n8n-pro/internal/execution/dag/dag.go:431.26,433.3 1 0
n8n-pro/internal/execution/dag/dag.go:436.2,436.25 1 0
n8n-pro/internal/execution/dag/dag.go:436.25,437.10 1 0
n8n-pro/internal/execution/dag/dag.go:438.38,438.38 0 0
n8n-pro/internal/execution/dag/dag.go:439.21,440.20 1 0
n8n-pro/internal/execution/dag/dag.go:445.2,446.16 2 0
n8n-pro/internal/execution/dag/dag.go:446.16,448.3 1 0
n8n-pro/internal/execution/dag/dag.go:449.2,453.13 3 0
n8n-pro/internal/execution/dag/dag.go:453.13,455.3 1 0
n8n-pro/internal/execution/dag/dag.go:458.2,460.21 3 0
n8n-pro/internal/execution/dag/dag.go:460.21,462.3 1 0
n8n-pro/internal/execution/dag/dag.go:464.2,464.53 1 0
n8n-pro/internal/execution/dag/dag.go:464.53,465.18 1 0
n8n-pro/internal/execution/dag/dag.go:465.18,469.11 3 0
n8n-pro/internal/execution/dag/dag.go:470.39,470.39 0 0
n8n-pro/internal/execution/dag/dag.go:471.22,472.21 1 0
n8n-pro/internal/execution/dag/dag.go:476.3,477.17 2 0
n8n-pro/internal/execution/dag/dag.go:477.17,478.9 1 0
n8n-pro/internal/execution/dag/dag.go:481.3,484.28 3 0
n8n-pro/internal/execution/dag/dag.go:484.28,492.28 6 0
n8n-pro/internal/execution/dag/dag.go:492.28,494.5 1 0
n8n-pro/internal/execution/dag/dag.go:496.4,496.14 1 0
n8n-pro/internal/execution/dag/dag.go:501.2,508.24 6 0
n8n-pro/internal/execution/dag/dag.go:508.24,509.10 1 0
n8n-pro/internal/execution/dag/dag.go:510.37,510.37 0 0
n8n-pro/internal/execution/dag/dag.go:511.21,512.20 1 0
n8n-pro/internal/execution/dag/dag.go:517.2,517.29 1 0
n8n-pro/internal/execution/dag/dag.go:517.29,519.3 1 0
n8n-pro/internal/execution/dag/dag.go:521.2,528.12 2 0
n8n-pro/internal/execution/dag/dag.go:532.63,538.31 4 0
n8n-pro/internal/execution/dag/dag.go:538.31,539.60 1 0
n8n-pro/internal/execution/dag/dag.go:539.60,540.12 1 0
n8n-pro/internal/execution/dag/dag.go:544.3,545.43 2 0
n8n-pro/internal/execution/dag/dag.go:545.43,546.24 1 0
n8n-pro/internal/execution/dag/dag.go:546.24,548.10 2 0
n8n-pro/internal/execution/dag/dag.go:552.3,552.23 1 0
n8n-pro/internal/execution/dag/dag.go:552.23,554.4 1 0
n8n-pro/internal/execution/dag/dag.go:557.2,557.14 1 0
n8n-pro/internal/execution/dag/dag.go:561.76,567.42 4 0
n8n-pro/internal/execution/dag/dag.go:567.42,569.14 2 0
n8n-pro/internal/execution/dag/dag.go:569.14,570.12 1 0
n8n-pro/internal/execution/dag/dag.go:573.3,573.73 1 0
n8n-pro/internal/execution/dag/dag.go:573.73,575.47 1 0
n8n-pro/internal/execution/dag/dag.go:575.47,577.5 1 0
n8n-pro/internal/execution/dag/dag.go:581.2,581.23 1 0
n8n-pro/internal/execution/dag/dag.go:585.60,589.2 3 0
n8n-pro/internal/execution/dag/dag.go:592.24,596.25 3 0
n8n-pro/internal/execution/dag/dag.go:596.25,598.3 1 0
n8n-pro/internal/execution/dag/dag.go:601.2,601.31 1 0
n8n-pro/internal/execution/dag/dag.go:601.31,602.39 1 0
n8n-pro/internal/execution/dag/dag.go:602.39,604.4 1 0
n8n-pro/internal/execution/dag/dag.go:607.2,607.31 1 0
n8n-pro/internal/execution/dag/dag.go:611.38,615.2 3 0
n8n-pro/internal/execution/dag/dag.go:618.64,623.13 4 0
n8n-pro/internal/execution/dag/dag.go:623.13,625.3 1 0
n8n-pro/internal/execution/dag/dag.go:627.2,627.25 1 0
n8n-pro/internal/execution/dag/dag.go:631.43,636.31 4 0
n8n-pro/internal/execution/dag/dag.go:636.31,637.41 1 0
n8n-pro/internal/execution/dag/dag.go:637.41,639.4 1 0
n8n-pro/internal/execution/dag/dag.go:642.2,642.18 1 0
n8n-pro/internal/execution/dag/dag.go:647.38,652.30 3 0
n8n-pro/internal/execution/dag/dag.go:652.30,653.23 1 0
n8n-pro/internal/execution/dag/dag.go:653.23,654.48 1 0
n8n-pro/internal/execution/dag/dag.go:654.48,656.5 1 0
n8n-pro/internal/execution/dag/dag.go:660.2,660.12 1 0
n8n-pro/internal/execution/dag/dag.go:663.82,668.40 4 0
n8n-pro/internal/execution/dag/dag.go:668.40,669.22 1 0
n8n-pro/internal/execution/dag/dag.go:669.22,670.47 1 0
n8n-pro/internal/execution/dag/dag.go:670.47,672.5 1 0
n8n-pro/internal/execution/dag/dag.go:673.9,673.29 1 0
n8n-pro/internal/execution/dag/dag.go:673.29,675.4 1 0
n8n-pro/internal/execution/dag/dag.go:678.2,679.14 2 0
n8n-pro/internal/execution/dag/dag.go:682.46,683.19 1 0
n8n-pro/internal/execution/dag/dag.go:683.19,685.3 1 0
n8n-pro/internal/execution/dag/dag.go:686.2,686.21 1 0
n8n-pro/internal/execution/dag/dag.go:686.21,688.3 1 0
n8n-pro/internal/execution/dag/dag.go:689.2,689.12 1 0
n8n-pro/internal/execution/dag/dag.go:692.46,693.48 1 0
n8n-pro/internal/execution/dag/dag.go:693.48,695.3 1 0
n8n-pro/internal/execution/dag/dag.go:696.2,696.36 1 0
n8n-pro/internal/execution/dag/dag.go:696.36,698.3 1 0
n8n-pro/internal/execution/dag/dag.go:699.2,699.12 1 0
n8n-pro/internal/execution/dag/dag.go:702.49,703.26 1 0
n8n-pro/internal/execution/dag/dag.go:703.26,704.16 1 0
n8n-pro/internal/execution/dag/dag.go:704.16,706.4 1 0
n8n-pro/internal/execution/dag/dag.go:708.2,708.14 1 0
n8n-pro/internal/execution/dag/dag.go:712.58,723.31 8 0
n8n-pro/internal/execution/dag/dag.go:723.31,725.3 1 0
n8n-pro/internal/execution/dag/dag.go:726.2,728.14 2 0
n8n-pro/internal/execution/retry/retry.go:65.30,89.2 1 0
n8n-pro/internal/execution/retry/retry.go:92.30,112.2 1 0
n8n-pro/internal/execution/retry/retry.go:115.31,131.2 1 0
n8n-pro/internal/execution/retry/retry.go:165.38,170.2 1 0
n8n-pro/internal/execution/retry/retry.go:173.87,174.19 1 0
n8n-pro/internal/execution/retry/retry.go:174.19,176.3 1 0
n8n-pro/internal/execution/retry/retry.go:178.2,184.43 2 0
n8n-pro/internal/execution/retry/retry.go:188.99,189.67 1 0
n8n-pro/internal/execution/retry/retry.go:189.67,191.23 1 0
n8n-pro/internal/execution/retry/retry.go:191.23,193.4 1 0
n8n-pro/internal/execution/retry/retry.go:196.3,196.61 1 0
n8n-pro/internal/execution/retry/retry.go:196.61,197.69 1 0
n8n-pro/internal/execution/retry/retry.go:197.69,199.5 1 0
n8n-pro/internal/execution/retry/retry.go:201.4,202.102 2 0
n8n-pro/internal/execution/retry/retry.go:206.3,206.18 1 0
n8n-pro/internal/execution/retry/retry.go:206.18,221.11 6 0
n8n-pro/internal/execution/retry/retry.go:222.29,222.29 0 0
n8n-pro/internal/execution/retry/retry.go:223.22,224.21 1 0
n8n-pro/internal/execution/retry/retry.go:229.3,244.17 8 0
n8n-pro/internal/execution/retry/retry.go:244.17,257.4 4 0
n8n-pro/internal/execution/retry/retry.go:260.3,271.49 4 0
n8n-pro/internal/execution/retry/retry.go:271.49,279.4 2 0
n8n-pro/internal/execution/retry/retry.go:282.3,282.42 1 0
n8n-pro/internal/execution/retry/retry.go:282.42,286.41 2 0
n8n-pro/internal/execution/retry/retry.go:286.41,288.61 2 0
n8n-pro/internal/execution/retry/retry.go:288.61,296.6 2 0
n8n-pro/internal/execution/retry/retry.go:299.4,299.92 1 0
n8n-pro/internal/execution/retry/retry.go:303.2,303.65 1 0
n8n-pro/internal/execution/retry/retry.go:307.77,310.25 2 0
n8n-pro/internal/execution/retry/retry.go:311.21,312.27 1 0
n8n-pro/internal/execution/retry/retry.go:314.22,315.70 1 0
n8n-pro/internal/execution/retry/retry.go:317.45,318.101 1 0
n8n-pro/internal/execution/retry/retry.go:320.25,321.12 1 0
n8n-pro/internal/execution/retry/retry.go:323.22,325.27 1 0
n8n-pro/internal/execution/retry/retry.go:327.10,328.27 1 0
n8n-pro/internal/execution/retry/retry.go:332.2,332.29 1 0
n8n-pro/internal/execution/retry/retry.go:332.29,334.3 1 0
n8n-pro/internal/execution/retry/retry.go:337.2,337.32 1 0
n8n-pro/internal/execution/retry/retry.go:337.32,343.16 4 0
n8n-pro/internal/execution/retry/retry.go:343.16,345.4 1 0
n8n-pro/internal/execution/retry/retry.go:348.2,348.14 1 0
n8n-pro/internal/execution/retry/retry.go:352.76,354.31 1 0
n8n-pro/internal/execution/retry/retry.go:354.31,356.3 1 0
n8n-pro/internal/execution/retry/retry.go:359.2,362.57 2 0
n8n-pro/internal/execution/retry/retry.go:362.57,363.32 1 0
n8n-pro/internal/execution/retry/retry.go:363.32,365.4 1 0
n8n-pro/internal/execution/retry/retry.go:369.2,369.51 1 0
n8n-pro/internal/execution/retry/retry.go:369.51,370.29 1 0
n8n-pro/internal/execution/retry/retry.go:370.29,372.4 1 0
n8n-pro/internal/execution/retry/retry.go:376.2,376.48 1 0
n8n-pro/internal/execution/retry/retry.go:376.48,377.48 1 0
n8n-pro/internal/execution/retry/retry.go:377.48,378.34 1 0
n8n-pro/internal/execution/retry/retry.go:378.34,380.5 1 0
n8n-pro/internal/execution/retry/retry.go:385.2,385.14 1 0
n8n-pro/internal/execution/retry/retry.go:389.54,390.54 1 0
n8n-pro/internal/execution/retry/retry.go:390.54,391.22 1 0
n8n-pro/internal/execution/retry/retry.go:392.32,393.27 1 0
n8n-pro/internal/execution/retry/retry.go:394.32,395.27 1 0
n8n-pro/internal/execution/retry/retry.go:396.35,397.30 1 0
n8n-pro/internal/execution/retry/retry.go:398.70,399.24 1 0
n8n-pro/internal/execution/retry/retry.go:400.34,401.29 1 0
n8n-pro/internal/execution/retry/retry.go:402.33,403.26 1 0
n8n-pro/internal/execution/retry/retry.go:404.33,405.26 1 0
n8n-pro/internal/execution/retry/retry.go:406.33,407.26 1 0
n8n-pro/internal/execution/retry/retry.go:409.3,409.26 1 0
n8n-pro/internal/execution/retry/retry.go:413.2,413.25 1 0
n8n-pro/internal/execution/retry/retry.go:414.25,415.26 1 0
n8n-pro/internal/execution/retry/retry.go:415.26,417.4 1 0
n8n-pro/internal/execution/retry/retry.go:418.3,418.48 1 0
n8n-pro/internal/execution/retry/retry.go:418.48,420.4 1 0
n8n-pro/internal/execution/retry/retry.go:421.3,421.48 1 0
n8n-pro/internal/execution/retry/retry.go:421.48,423.4 1 0
n8n-pro/internal/execution/retry/retry.go:424.28,425.26 1 0
n8n-pro/internal/execution/retry/retry.go:426.26,427.24 1 0
n8n-pro/internal/execution/retry/retry.go:430.2,430.25 1 0
n8n-pro/internal/execution/retry/retry.go:434.68,436.42 2 0
n8n-pro/internal/execution/retry/retry.go:436.42,437.27 1 0
n8n-pro/internal/execution/retry/retry.go:437.27,439.4 1 0
n8n-pro/internal/execution/retry/retry.go:439.9,440.9 1 0
n8n-pro/internal/execution/retry/retry.go:443.2,443.14 1 0
n8n-pro/internal/execution/retry/retry.go:447.124,464.2 2 0
n8n-pro/internal/execution/retry/retry.go:467.121,472.2 3 0
n8n-pro/internal/execution/retry/retry.go:475.75,476.18 1 0
n8n-pro/internal/execution/retry/retry.go:476.18,478.3 1 0
n8n-pro/internal/execution/retry/retry.go:480.2,487.29 7 0
n8n-pro/internal/execution/retry/retry.go:487.29,491.3 3 0
n8n-pro/internal/execution/retry/retry.go:494.2,495.41 2 0
n8n-pro/internal/execution/retry/retry.go:495.41,496.22 1 0
n8n-pro/internal/execution/retry/retry.go:496.22,498.4 1 0
n8n-pro/internal/execution/retry/retry.go:500.2,500.29 1 0
n8n-pro/internal/execution/retry/retry.go:500.29,502.3 1 0
n8n-pro/internal/execution/retry/retry.go:504.2,504.14 1 0
n8n-pro/internal/execution/retry/retry.go:508.39,512.2 3 0
n8n-pro/internal/execution/retry/retry.go:515.75,516.18 1 0
n8n-pro/internal/execution/retry/retry.go:516.18,518.3 1 0
n8n-pro/internal/execution/retry/retry.go:520.2,523.9 3 0
n8n-pro/internal/execution/retry/retry.go:524.27,525.13 1 0
n8n-pro/internal/execution/retry/retry.go:526.20,527.19 1 0
n8n-pro/internal/execution/retry/retry.go:537.40,541.2 1 0
n8n-pro/internal/execution/retry/retry.go:544.72,547.2 2 0
n8n-pro/internal/execution/retry/retry.go:550.70,553.2 2 0
n8n-pro/internal/execution/retry/retry.go:556.75,559.2 2 0
n8n-pro/internal/execution/retry/retry.go:562.74,565.2 2 0
n8n-pro/internal/execution/retry/retry.go:568.68,572.2 3 0
n8n-pro/internal/execution/retry/retry.go:575.97,580.2 4 0
n8n-pro/internal/execution/retry/retry.go:583.85,586.2 2 0
n8n-pro/internal/execution/retry/retry.go:589.86,592.2 2 0
n8n-pro/internal/execution/retry/retry.go:595.41,597.2 1 0
n8n-pro/internal/db/postgres.go:14.31,28.16 4 0
n8n-pro/internal/db/postgres.go:28.16,30.3 1 0
n8n-pro/internal/credentials/manager.go:162.87,163.32 1 0
n8n-pro/internal/credentials/manager.go:163.32,165.3 1 0
n8n-pro/internal/credentials/manager.go:168.2,175.8 3 0
n8n-pro/internal/credentials/manager.go:179.121,181.53 1 0
n8n-pro/internal/credentials/manager.go:181.53,183.3 1 0
n8n-pro/internal/credentials/manager.go:186.2,190.16 3 0
n8n-pro/internal/credentials/manager.go:190.16,192.3 1 0
n8n-pro/internal/credentials/manager.go:195.2,216.55 3 0
n8n-pro/internal/credentials/manager.go:216.55,218.3 1 0
n8n-pro/internal/credentials/manager.go:220.2,227.24 2 0
n8n-pro/internal/credentials/manager.go:231.94,233.16 2 0
n8n-pro/internal/credentials/manager.go:233.16,235.3 1 0
n8n-pro/internal/credentials/manager.go:237.2,237.13 1 0
n8n-pro/internal/credentials/manager.go:237.13,238.57 1 0
n8n-pro/internal/credentials/manager.go:238.57,240.4 1 0
n8n-pro/internal/credentials/manager.go:243.2,243.24 1 0
n8n-pro/internal/credentials/manager.go:247.128,253.16 4 0
n8n-pro/internal/credentials/manager.go:253.16,255.3 1 0
n8n-pro/internal/credentials/manager.go:258.2,259.35 2 0
n8n-pro/internal/credentials/manager.go:259.35,260.40 1 0
n8n-pro/internal/credentials/manager.go:260.40,262.4 1 0
n8n-pro/internal/credentials/manager.go:265.2,265.31 1 0
n8n-pro/internal/credentials/manager.go:269.135,272.16 2 0
n8n-pro/internal/credentials/manager.go:272.16,274.3 1 0
n8n-pro/internal/credentials/manager.go:277.2,277.44 1 0
n8n-pro/internal/credentials/manager.go:277.44,279.3 1 0
n8n-pro/internal/credentials/manager.go:282.2,282.20 1 0
n8n-pro/internal/credentials/manager.go:282.20,284.3 1 0
n8n-pro/internal/credentials/manager.go:285.2,285.27 1 0
n8n-pro/internal/credentials/manager.go:285.27,287.3 1 0
n8n-pro/internal/credentials/manager.go:288.2,288.28 1 0
n8n-pro/internal/credentials/manager.go:288.28,290.3 1 0
n8n-pro/internal/credentials/manager.go:291.2,291.28 1 0
n8n-pro/internal/credentials/manager.go:291.28,293.3 1 0
n8n-pro/internal/credentials/manager.go:294.2,294.21 1 0
n8n-pro/internal/credentials/manager.go:294.21,296.3 1 0
n8n-pro/internal/credentials/manager.go:299.2,299.21 1 0
n8n-pro/internal/credentials/manager.go:299.21,302.17 3 0
n8n-pro/internal/credentials/manager.go:302.17,304.4 1 0
n8n-pro/internal/credentials/manager.go:305.3,306.51 2 0
n8n-pro/internal/credentials/manager.go:309.2,312.55 2 0
n8n-pro/internal/credentials/manager.go:312.55,314.3 1 0
n8n-pro/internal/credentials/manager.go:316.2,322.24 2 0
n8n-pro/internal/credentials/manager.go:326.90,329.16 2 0
n8n-pro/internal/credentials/manager.go:329.16,331.3 1 0
n8n-pro/internal/credentials/manager.go:334.2,334.34 1 0
n8n-pro/internal/credentials/manager.go:334.34,336.3 1 0
n8n-pro/internal/credentials/manager.go:339.2,339.57 1 0
n8n-pro/internal/credentials/manager.go:339.57,341.3 1 0
n8n-pro/internal/credentials/manager.go:343.2,349.12 2 0
n8n-pro/internal/credentials/manager.go:353.119,355.16 2 0
n8n-pro/internal/credentials/manager.go:355.16,357.3 1 0
n8n-pro/internal/credentials/manager.go:360.2,360.46 1 0
n8n-pro/internal/credentials/manager.go:360.46,362.3 1 0
n8n-pro/internal/credentials/manager.go:365.2,365.56 1 0
n8n-pro/internal/credentials/manager.go:365.56,367.3 1 0
n8n-pro/internal/credentials/manager.go:370.2,370.12 1 0
n8n-pro/internal/credentials/manager.go:370.12,371.77 1 0
n8n-pro/internal/credentials/manager.go:371.77,373.4 1 0
n8n-pro/internal/credentials/manager.go:377.2,378.28 2 0
n8n-pro/internal/credentials/manager.go:378.28,380.17 2 0
n8n-pro/internal/credentials/manager.go:380.17,382.4 1 0
n8n-pro/internal/credentials/manager.go:383.3,383.60 1 0
n8n-pro/internal/credentials/manager.go:383.60,385.4 1 0
n8n-pro/internal/credentials/manager.go:388.2,388.22 1 0
n8n-pro/internal/credentials/manager.go:392.98,394.16 2 0
n8n-pro/internal/credentials/manager.go:394.16,396.3 1 0
n8n-pro/internal/credentials/manager.go:398.2,399.16 2 0
n8n-pro/internal/credentials/manager.go:399.16,401.3 1 0
n8n-pro/internal/credentials/manager.go:404.2,404.25 1 0
n8n-pro/internal/credentials/manager.go:405.28,406.57 1 0
n8n-pro/internal/credentials/manager.go:407.31,408.60 1 0
n8n-pro/internal/credentials/manager.go:409.30,410.34 1 0
n8n-pro/internal/credentials/manager.go:411.10,412.87 1 0
n8n-pro/internal/credentials/manager.go:420.65,423.16 2 0
n8n-pro/internal/credentials/manager.go:423.16,425.3 1 0
n8n-pro/internal/credentials/manager.go:428.2,429.16 2 0
n8n-pro/internal/credentials/manager.go:429.16,431.3 1 0
n8n-pro/internal/credentials/manager.go:434.2,435.16 2 0
n8n-pro/internal/credentials/manager.go:435.16,437.3 1 0
n8n-pro/internal/credentials/manager.go:440.2,441.59 2 0
n8n-pro/internal/credentials/manager.go:441.59,443.3 1 0
n8n-pro/internal/credentials/manager.go:446.2,449.59 2 0
n8n-pro/internal/credentials/manager.go:452.74,455.16 2 0
n8n-pro/internal/credentials/manager.go:455.16,457.3 1 0
n8n-pro/internal/credentials/manager.go:460.2,461.16 2 0
n8n-pro/internal/credentials/manager.go:461.16,463.3 1 0
n8n-pro/internal/credentials/manager.go:466.2,467.16 2 0
n8n-pro/internal/credentials/manager.go:467.16,469.3 1 0
n8n-pro/internal/credentials/manager.go:472.2,473.33 2 0
n8n-pro/internal/credentials/manager.go:473.33,475.3 1 0
n8n-pro/internal/credentials/manager.go:477.2,481.16 3 0
n8n-pro/internal/credentials/manager.go:481.16,483.3 1 0
n8n-pro/internal/credentials/manager.go:486.2,487.57 2 0
n8n-pro/internal/credentials/manager.go:487.57,489.3 1 0
n8n-pro/internal/credentials/manager.go:491.2,491.19 1 0
n8n-pro/internal/credentials/manager.go:494.67,495.36 1 0
n8n-pro/internal/credentials/manager.go:495.36,497.3 1 0
n8n-pro/internal/credentials/manager.go:499.2,500.16 2 0
n8n-pro/internal/credentials/manager.go:500.16,502.3 1 0
n8n-pro/internal/credentials/manager.go:505.2,506.16 2 0
n8n-pro/internal/credentials/manager.go:506.16,508.3 1 0
n8n-pro/internal/credentials/manager.go:510.2,511.59 2 0
n8n-pro/internal/credentials/manager.go:511.59,513.3 1 0
n8n-pro/internal/credentials/manager.go:515.2,516.12 2 0
n8n-pro/internal/credentials/manager.go:519.63,523.2 3 0
n8n-pro/internal/credentials/manager.go:525.81,527.34 1 0
n8n-pro/internal/credentials/manager.go:527.34,529.3 1 0
n8n-pro/internal/credentials/manager.go:532.2,532.33 1 0
n8n-pro/internal/credentials/manager.go:533.26,534.14 1 0
n8n-pro/internal/credentials/manager.go:535.24,536.37 1 0
n8n-pro/internal/credentials/manager.go:537.27,538.15 1 0
n8n-pro/internal/credentials/manager.go:539.10,540.15 1 0
n8n-pro/internal/credentials/manager.go:544.79,547.2 1 0
n8n-pro/internal/credentials/manager.go:549.77,550.20 1 0
n8n-pro/internal/credentials/manager.go:550.20,552.3 1 0
n8n-pro/internal/credentials/manager.go:553.2,553.20 1 0
n8n-pro/internal/credentials/manager.go:553.20,555.3 1 0
n8n-pro/internal/credentials/manager.go:556.2,556.43 1 0
n8n-pro/internal/credentials/manager.go:556.43,558.3 1 0
n8n-pro/internal/credentials/manager.go:559.2,559.12 1 0
n8n-pro/internal/credentials/manager.go:562.85,564.2 1 0
n8n-pro/internal/credentials/manager.go:566.91,571.2 4 0
n8n-pro/internal/credentials/manager.go:575.75,576.20 1 0
n8n-pro/internal/credentials/manager.go:576.20,578.3 1 0
n8n-pro/internal/credentials/manager.go:580.2,581.12 2 0
n8n-pro/internal/credentials/manager.go:584.78,585.20 1 0
n8n-pro/internal/credentials/manager.go:585.20,587.3 1 0
n8n-pro/internal/credentials/manager.go:589.2,590.12 2 0
n8n-pro/internal/credentials/manager.go:593.60,597.2 2 0
n8n-pro/internal/credentials/store.go:25.59,30.2 1 0
n8n-pro/internal/credentials/store.go:33.75,44.16 3 0
n8n-pro/internal/credentials/store.go:44.16,46.3 1 0
n8n-pro/internal/credentials/store.go:48.2,66.16 2 0
n8n-pro/internal/credentials/store.go:66.16,69.3 2 0
n8n-pro/internal/credentials/store.go:71.2,71.12 1 0
n8n-pro/internal/credentials/store.go:75.78,107.16 6 0
n8n-pro/internal/credentials/store.go:107.16,108.27 1 0
n8n-pro/internal/credentials/store.go:108.27,110.4 1 0
n8n-pro/internal/credentials/store.go:111.3,111.62 1 0
n8n-pro/internal/credentials/store.go:114.2,114.22 1 0
n8n-pro/internal/credentials/store.go:114.22,116.3 1 0
n8n-pro/internal/credentials/store.go:118.2,118.75 1 0
n8n-pro/internal/credentials/store.go:118.75,121.3 2 0
n8n-pro/internal/credentials/store.go:123.2,123.25 1 0
n8n-pro/internal/credentials/store.go:127.90,137.16 3 0
n8n-pro/internal/credentials/store.go:137.16,139.3 1 0
n8n-pro/internal/credentials/store.go:140.2,143.18 3 0
n8n-pro/internal/credentials/store.go:143.18,145.17 2 0
n8n-pro/internal/credentials/store.go:145.17,147.12 2 0
n8n-pro/internal/credentials/store.go:149.3,149.48 1 0
n8n-pro/internal/credentials/store.go:152.2,152.32 1 0
n8n-pro/internal/credentials/store.go:156.97,163.26 5 0
n8n-pro/internal/credentials/store.go:163.26,167.3 3 0
n8n-pro/internal/credentials/store.go:169.2,169.25 1 0
n8n-pro/internal/credentials/store.go:169.25,173.3 3 0
n8n-pro/internal/credentials/store.go:175.2,175.23 1 0
n8n-pro/internal/credentials/store.go:175.23,179.3 3 0
n8n-pro/internal/credentials/store.go:181.2,181.31 1 0
n8n-pro/internal/credentials/store.go:181.31,185.3 3 0
n8n-pro/internal/credentials/store.go:187.2,187.28 1 0
n8n-pro/internal/credentials/store.go:187.28,191.3 3 0
n8n-pro/internal/credentials/store.go:193.2,193.25 1 0
n8n-pro/internal/credentials/store.go:193.25,197.3 3 0
n8n-pro/internal/credentials/store.go:199.2,200.25 2 0
n8n-pro/internal/credentials/store.go:200.25,202.3 1 0
n8n-pro/internal/credentials/store.go:205.2,208.16 4 0
n8n-pro/internal/credentials/store.go:208.16,210.3 1 0
n8n-pro/internal/credentials/store.go:213.2,224.16 4 0
n8n-pro/internal/credentials/store.go:224.16,226.3 1 0
n8n-pro/internal/credentials/store.go:227.2,230.18 3 0
n8n-pro/internal/credentials/store.go:230.18,232.17 2 0
n8n-pro/internal/credentials/store.go:232.17,234.12 2 0
n8n-pro/internal/credentials/store.go:236.3,236.48 1 0
n8n-pro/internal/credentials/store.go:239.2,239.39 1 0
n8n-pro/internal/credentials/store.go:243.75,252.16 3 0
n8n-pro/internal/credentials/store.go:252.16,254.3 1 0
n8n-pro/internal/credentials/store.go:256.2,272.16 3 0
n8n-pro/internal/credentials/store.go:272.16,275.3 2 0
n8n-pro/internal/credentials/store.go:277.2,277.12 1 0
n8n-pro/internal/credentials/store.go:281.62,285.16 3 0
n8n-pro/internal/credentials/store.go:285.16,288.3 2 0
n8n-pro/internal/credentials/store.go:290.2,290.12 1 0
n8n-pro/internal/credentials/store.go:294.64,302.16 4 0
n8n-pro/internal/credentials/store.go:302.16,305.3 2 0
n8n-pro/internal/credentials/store.go:307.2,307.12 1 0
n8n-pro/internal/credentials/store.go:311.68,336.16 5 0
n8n-pro/internal/credentials/store.go:336.16,338.3 1 0
n8n-pro/internal/credentials/store.go:340.2,340.22 1 0
n8n-pro/internal/credentials/store.go:340.22,342.3 1 0
n8n-pro/internal/credentials/store.go:344.2,344.75 1 0
n8n-pro/internal/credentials/store.go:344.75,347.3 2 0
n8n-pro/internal/credentials/store.go:349.2,349.25 1 0
n8n-pro/internal/credentials/store.go:353.57,384.16 3 0
n8n-pro/internal/credentials/store.go:384.16,386.3 1 0
n8n-pro/internal/credentials/store.go:388.2,389.12 2 0
n8n-pro/internal/credentials/store.go:393.72,403.16 3 0
n8n-pro/internal/credentials/store.go:403.16,405.3 1 0
n8n-pro/internal/credentials/store.go:406.2,409.18 3 0
n8n-pro/internal/credentials/store.go:409.18,411.17 2 0
n8n-pro/internal/credentials/store.go:411.17,413.12 2 0
n8n-pro/internal/credentials/store.go:415.3,415.48 1 0
n8n-pro/internal/credentials/store.go:418.2,418.32 1 0
n8n-pro/internal/credentials/store.go:422.100,455.16 4 0
n8n-pro/internal/credentials/store.go:455.16,457.3 1 0
n8n-pro/internal/credentials/store.go:459.2,467.8 1 0
n8n-pro/internal/credentials/vault.go:42.40,50.2 1 0
n8n-pro/internal/credentials/vault.go:61.39,63.2 1 0
n8n-pro/internal/credentials/vault.go:77.70,78.19 1 0
n8n-pro/internal/credentials/vault.go:78.19,80.3 1 0
n8n-pro/internal/credentials/vault.go:82.2,82.21 1 0
n8n-pro/internal/credentials/vault.go:83.16,84.37 1 0
n8n-pro/internal/credentials/vault.go:85.10,86.96 1 0
n8n-pro/internal/credentials/vault.go:91.83,92.32 1 0
n8n-pro/internal/credentials/vault.go:92.32,94.3 1 0
n8n-pro/internal/credentials/vault.go:97.2,98.19 2 0
n8n-pro/internal/credentials/vault.go:98.19,103.3 3 0
n8n-pro/internal/credentials/vault.go:103.8,103.26 1 0
n8n-pro/internal/credentials/vault.go:103.26,105.3 1 0
n8n-pro/internal/credentials/vault.go:107.2,108.16 2 0
n8n-pro/internal/credentials/vault.go:108.16,110.3 1 0
n8n-pro/internal/credentials/vault.go:112.2,113.16 2 0
n8n-pro/internal/credentials/vault.go:113.16,115.3 1 0
n8n-pro/internal/credentials/vault.go:117.2,126.24 2 0
n8n-pro/internal/credentials/vault.go:126.24,129.3 2 0
n8n-pro/internal/credentials/vault.go:131.2,132.19 2 0
n8n-pro/internal/credentials/vault.go:136.81,137.15 1 0
n8n-pro/internal/credentials/vault.go:137.15,139.3 1 0
n8n-pro/internal/credentials/vault.go:141.2,141.20 1 0
n8n-pro/internal/credentials/vault.go:141.20,143.3 1 0
n8n-pro/internal/credentials/vault.go:146.2,146.65 1 0
n8n-pro/internal/credentials/vault.go:146.65,148.3 1 0
n8n-pro/internal/credentials/vault.go:151.2,152.16 2 0
n8n-pro/internal/credentials/vault.go:152.16,154.3 1 0
n8n-pro/internal/credentials/vault.go:157.2,164.22 2 0
n8n-pro/internal/credentials/vault.go:164.22,166.3 1 0
n8n-pro/internal/credentials/vault.go:169.2,174.12 5 0
n8n-pro/internal/credentials/vault.go:178.81,179.15 1 0
n8n-pro/internal/credentials/vault.go:179.15,181.3 1 0
n8n-pro/internal/credentials/vault.go:183.2,187.13 4 0
n8n-pro/internal/credentials/vault.go:187.13,189.3 1 0
n8n-pro/internal/credentials/vault.go:191.2,191.23 1 0
n8n-pro/internal/credentials/vault.go:191.23,197.3 4 0
n8n-pro/internal/credentials/vault.go:200.2,201.16 2 0
n8n-pro/internal/credentials/vault.go:201.16,203.3 1 0
n8n-pro/internal/credentials/vault.go:205.2,206.18 2 0
n8n-pro/internal/credentials/vault.go:210.69,211.15 1 0
n8n-pro/internal/credentials/vault.go:211.15,213.3 1 0
n8n-pro/internal/credentials/vault.go:215.2,218.42 3 0
n8n-pro/internal/credentials/vault.go:218.42,220.3 1 0
n8n-pro/internal/credentials/vault.go:222.2,224.12 3 0
n8n-pro/internal/credentials/vault.go:228.67,233.36 4 0
n8n-pro/internal/credentials/vault.go:233.36,234.25 1 0
n8n-pro/internal/credentials/vault.go:234.25,236.4 1 0
n8n-pro/internal/credentials/vault.go:239.2,239.18 1 0
n8n-pro/internal/credentials/vault.go:243.77,244.15 1 0
n8n-pro/internal/credentials/vault.go:244.15,246.3 1 0
n8n-pro/internal/credentials/vault.go:248.2,252.13 4 0
n8n-pro/internal/credentials/vault.go:252.13,254.3 1 0
n8n-pro/internal/credentials/vault.go:256.2,256.23 1 0
n8n-pro/internal/credentials/vault.go:256.23,262.3 4 0
n8n-pro/internal/credentials/vault.go:264.2,264.18 1 0
n8n-pro/internal/credentials/vault.go:268.37,280.2 7 0
n8n-pro/internal/credentials/vault.go:283.60,285.59 2 0
n8n-pro/internal/credentials/vault.go:285.59,287.3 1 0
n8n-pro/internal/credentials/vault.go:289.2,290.24 2 0
n8n-pro/internal/credentials/vault.go:294.66,296.33 2 0
n8n-pro/internal/credentials/vault.go:296.33,298.3 1 0
n8n-pro/internal/credentials/vault.go:300.2,302.16 3 0
n8n-pro/internal/credentials/vault.go:302.16,304.3 1 0
n8n-pro/internal/credentials/vault.go:306.2,306.23 1 0
n8n-pro/internal/credentials/vault.go:310.40,316.6 4 0
n8n-pro/internal/credentials/vault.go:316.6,317.10 1 0
n8n-pro/internal/credentials/vault.go:318.19,319.15 1 0
n8n-pro/internal/credentials/vault.go:320.24,321.10 1 0
n8n-pro/internal/credentials/vault.go:327.33,332.36 4 0
n8n-pro/internal/credentials/vault.go:332.36,333.24 1 0
n8n-pro/internal/credentials/vault.go:333.24,335.4 1 0
n8n-pro/internal/credentials/vault.go:338.2,338.34 1 0
n8n-pro/internal/credentials/vault.go:338.34,340.3 1 0
n8n-pro/internal/credentials/vault.go:342.2,342.26 1 0
n8n-pro/internal/credentials/vault.go:342.26,344.3 1 0
n8n-pro/internal/credentials/vault.go:348.57,355.34 5 0
n8n-pro/internal/credentials/vault.go:355.34,357.24 2 0
n8n-pro/internal/credentials/vault.go:357.24,359.4 1 0
n8n-pro/internal/credentials/vault.go:362.2,368.3 1 0
n8n-pro/internal/credentials/vault.go:379.55,384.2 1 0
n8n-pro/internal/credentials/vault.go:387.66,388.16 1 0
n8n-pro/internal/credentials/vault.go:388.16,390.3 1 0
n8n-pro/internal/credentials/vault.go:392.2,395.42 3 0
n8n-pro/internal/credentials/vault.go:395.42,397.3 1 0
n8n-pro/internal/credentials/vault.go:399.2,401.12 3 0
n8n-pro/internal/credentials/vault.go:405.62,410.13 4 0
n8n-pro/internal/credentials/vault.go:410.13,412.3 1 0
n8n-pro/internal/credentials/vault.go:414.2,414.19 1 0
n8n-pro/internal/credentials/vault.go:418.56,423.13 4 0
n8n-pro/internal/credentials/vault.go:423.13,425.3 1 0
n8n-pro/internal/credentials/vault.go:427.2,427.38 1 0
n8n-pro/internal/credentials/vault.go:427.38,429.3 1 0
n8n-pro/internal/credentials/vault.go:431.2,433.12 3 0
n8n-pro/internal/credentials/vault.go:437.42,441.37 3 0
n8n-pro/internal/credentials/vault.go:441.37,442.39 1 0
n8n-pro/internal/credentials/vault.go:442.39,444.4 1 0
n8n-pro/internal/credentials/vault.go:447.2,448.12 2 0
n8n-pro/internal/credentials/vault.go:452.37,454.42 2 0
n8n-pro/internal/credentials/vault.go:454.42,457.3 1 0
n8n-pro/internal/credentials/vault.go:458.2,458.47 1 0
n8n-pro/internal/common/common.go:150.45,151.17 1 0
n8n-pro/internal/common/common.go:151.17,153.3 1 0
n8n-pro/internal/common/common.go:154.2,154.39 1 0
n8n-pro/internal/common/common.go:158.47,159.21 1 0
n8n-pro/internal/common/common.go:159.21,161.3 1 0
n8n-pro/internal/common/common.go:162.2,162.30 1 0
n8n-pro/internal/common/common.go:162.30,164.3 1 0
n8n-pro/internal/common/common.go:165.2,165.19 1 0
n8n-pro/internal/common/common.go:169.55,170.41 1 0
n8n-pro/internal/common/common.go:170.41,172.3 1 0
n8n-pro/internal/common/common.go:173.2,173.15 1 0
n8n-pro/internal/common/common.go:187.81,189.20 2 0
n8n-pro/internal/common/common.go:189.20,191.3 1 0
n8n-pro/internal/common/common.go:193.2,200.3 1 0
n8n-pro/internal/common/common.go:221.56,227.2 1 0
n8n-pro/internal/common/common.go:230.67,240.2 1 0
n8n-pro/internal/common/common.go:245.26,247.2 1 0
n8n-pro/internal/common/common.go:250.33,253.2 2 0
n8n-pro/internal/common/common.go:256.38,257.17 1 0
n8n-pro/internal/common/common.go:257.17,259.3 1 0
n8n-pro/internal/common/common.go:260.2,261.33 2 0
n8n-pro/internal/common/common.go:265.36,266.16 1 0
n8n-pro/internal/common/common.go:266.16,268.3 1 0
n8n-pro/internal/common/common.go:269.2,270.32 2 0
n8n-pro/internal/common/common.go:274.53,275.25 1 0
n8n-pro/internal/common/common.go:275.25,277.3 1 0
n8n-pro/internal/common/common.go:278.2,278.20 1 0
n8n-pro/internal/common/common.go:278.20,280.3 1 0
n8n-pro/internal/common/common.go:281.2,281.32 1 0
n8n-pro/internal/common/common.go:285.38,288.36 2 0
n8n-pro/internal/common/common.go:288.36,289.52 1 0
n8n-pro/internal/common/common.go:289.52,291.4 1 0
n8n-pro/internal/common/common.go:292.3,292.11 1 0
n8n-pro/internal/common/common.go:294.2,294.29 1 0
n8n-pro/internal/common/common.go:298.55,299.26 1 0
n8n-pro/internal/common/common.go:299.26,300.16 1 0
n8n-pro/internal/common/common.go:300.16,302.4 1 0
n8n-pro/internal/common/common.go:304.2,304.14 1 0
n8n-pro/internal/common/common.go:308.57,310.26 2 0
n8n-pro/internal/common/common.go:310.26,311.16 1 0
n8n-pro/internal/common/common.go:311.16,313.4 1 0
n8n-pro/internal/common/common.go:315.2,315.15 1 0
n8n-pro/internal/common/common.go:319.45,322.26 3 0
n8n-pro/internal/common/common.go:322.26,323.15 1 0
n8n-pro/internal/common/common.go:323.15,326.4 2 0
n8n-pro/internal/common/common.go:328.2,328.15 1 0
n8n-pro/internal/common/common.go:332.46,333.27 1 0
n8n-pro/internal/common/common.go:333.27,334.14 1 0
n8n-pro/internal/common/common.go:334.14,336.4 1 0
n8n-pro/internal/common/common.go:338.2,338.11 1 0
n8n-pro/internal/common/common.go:342.34,344.2 1 0
n8n-pro/internal/common/common.go:347.25,349.2 1 0
n8n-pro/internal/common/common.go:352.28,354.2 1 0
n8n-pro/internal/common/common.go:357.38,359.2 1 0
n8n-pro/internal/common/common.go:362.36,363.14 1 0
n8n-pro/internal/common/common.go:363.14,365.3 1 0
n8n-pro/internal/common/common.go:366.2,366.11 1 0
n8n-pro/internal/common/common.go:370.27,371.14 1 0
n8n-pro/internal/common/common.go:371.14,373.3 1 0
n8n-pro/internal/common/common.go:374.2,374.11 1 0
n8n-pro/internal/common/common.go:378.30,379.14 1 0
n8n-pro/internal/common/common.go:379.14,381.3 1 0
n8n-pro/internal/common/common.go:382.2,382.11 1 0
n8n-pro/internal/common/common.go:397.58,398.59 1 0
n8n-pro/internal/common/common.go:398.59,400.3 1 0
n8n-pro/internal/common/common.go:401.2,401.11 1 0
n8n-pro/internal/common/common.go:405.55,406.56 1 0
n8n-pro/internal/common/common.go:406.56,408.3 1 0
n8n-pro/internal/common/common.go:409.2,409.11 1 0
n8n-pro/internal/common/common.go:413.55,414.56 1 0
n8n-pro/internal/common/common.go:414.56,416.3 1 0
n8n-pro/internal/common/common.go:417.2,417.11 1 0
n8n-pro/internal/common/common.go:421.83,423.2 1 0
n8n-pro/internal/common/common.go:426.77,428.2 1 0
n8n-pro/internal/common/common.go:431.77,433.2 1 0
n8n-pro/internal/common/common.go:436.38,438.18 2 0
n8n-pro/internal/common/common.go:438.18,440.3 1 0
n8n-pro/internal/common/common.go:441.2,442.46 2 0
n8n-pro/internal/common/common.go:442.46,445.3 2 0
n8n-pro/internal/common/common.go:446.2,446.76 1 0
n8n-pro/internal/common/common.go:450.45,451.21 1 0
n8n-pro/internal/common/common.go:451.21,453.3 1 0
n8n-pro/internal/common/common.go:454.2,454.19 1 0
n8n-pro/internal/common/common.go:454.19,456.3 1 0
n8n-pro/internal/common/common.go:457.2,457.22 1 0
n8n-pro/internal/common/common.go:457.22,459.3 1 0
n8n-pro/internal/common/common.go:460.2,460.43 1 0
n8n-pro/internal/common/common.go:464.24,465.11 1 0
n8n-pro/internal/common/common.go:465.11,467.3 1 0
n8n-pro/internal/common/common.go:468.2,468.10 1 0
n8n-pro/internal/common/common.go:472.24,473.11 1 0
n8n-pro/internal/common/common.go:473.11,475.3 1 0
n8n-pro/internal/common/common.go:476.2,476.10 1 0
n8n-pro/internal/common/common.go:480.37,481.17 1 0
n8n-pro/internal/common/common.go:481.17,483.3 1 0
n8n-pro/internal/common/common.go:484.2,484.17 1 0
n8n-pro/internal/common/common.go:484.17,486.3 1 0
n8n-pro/internal/common/common.go:487.2,487.14 1 0
n8n-pro/internal/billing/models.go:373.40,375.2 1 0
n8n-pro/internal/billing/models.go:378.41,379.23 1 0
n8n-pro/internal/billing/models.go:379.23,381.3 1 0
n8n-pro/internal/billing/models.go:382.2,382.39 1 0
n8n-pro/internal/billing/models.go:386.47,388.2 1 0
n8n-pro/internal/billing/models.go:391.41,393.2 1 0
n8n-pro/internal/billing/models.go:396.40,397.18 1 0
n8n-pro/internal/billing/models.go:398.27,399.22 1 0
n8n-pro/internal/billing/models.go:400.10,401.17 1 0
[...]
n8n-pro/internal/workflows/models.go:605.26,607.2 1 19
n8n-pro/internal/workflows/models.go:610.58,651.2 2 6
n8n-pro/internal/workflows/models.go:654.123,677.2 2 3
n8n-pro/internal/workflows/models.go:680.52,701.2 1 6
n8n-pro/internal/workflows/models.go:704.63,714.2 1 1
n8n-pro/internal/workflows/models.go:717.75,728.2 1 0
n8n-pro/internal/workflows/models.go:731.57,732.22 1 1
n8n-pro/internal/workflows/models.go:732.22,734.3 1 0
n8n-pro/internal/workflows/models.go:735.2,735.35 1 1
n8n-pro/internal/workflows/models.go:739.48,744.2 1 3
n8n-pro/internal/workflows/models.go:747.46,751.2 1 3
n8n-pro/internal/workflows/models.go:754.80,763.2 8 1
n8n-pro/internal/workflows/models.go:766.84,777.2 10 0
n8n-pro/internal/workflows/models.go:780.46,788.2 7 0
n8n-pro/internal/workflows/models.go:791.53,792.23 1 0
n8n-pro/internal/workflows/models.go:792.23,794.3 1 0
n8n-pro/internal/workflows/models.go:795.2,795.64 1 0
n8n-pro/internal/workflows/models.go:799.53,800.23 1 0
n8n-pro/internal/workflows/models.go:800.23,802.3 1 0
n8n-pro/internal/workflows/models.go:803.2,803.64 1 0
n8n-pro/internal/workflows/models.go:807.38,839.2 21 1
n8n-pro/internal/workflows/models.go:842.53,843.25 1 2
n8n-pro/internal/workflows/models.go:843.25,844.30 1 3
n8n-pro/internal/workflows/models.go:844.30,846.4 1 1
n8n-pro/internal/workflows/models.go:848.2,848.12 1 1
n8n-pro/internal/workflows/models.go:852.75,854.37 2 2
n8n-pro/internal/workflows/models.go:854.37,855.32 1 2
n8n-pro/internal/workflows/models.go:855.32,857.4 1 1
n8n-pro/internal/workflows/models.go:859.2,859.20 1 2
n8n-pro/internal/workflows/models.go:863.75,865.37 2 0
n8n-pro/internal/workflows/models.go:865.37,866.32 1 0
n8n-pro/internal/workflows/models.go:866.32,868.4 1 0
n8n-pro/internal/workflows/models.go:870.2,870.20 1 0
n8n-pro/internal/workflows/models.go:874.43,875.31 1 2
n8n-pro/internal/workflows/models.go:875.31,876.35 1 2
n8n-pro/internal/workflows/models.go:876.35,878.4 1 1
n8n-pro/internal/workflows/models.go:880.2,880.14 1 1
n8n-pro/internal/workflows/models.go:884.45,886.31 2 0
n8n-pro/internal/workflows/models.go:886.31,887.35 1 0
n8n-pro/internal/workflows/models.go:887.35,889.4 1 0
n8n-pro/internal/workflows/models.go:891.2,891.17 1 0
n8n-pro/internal/workflows/models.go:895.40,897.2 1 2
n8n-pro/internal/workflows/models.go:900.59,901.29 1 0
n8n-pro/internal/workflows/models.go:901.29,902.32 1 0
n8n-pro/internal/workflows/models.go:902.32,904.4 1 0
n8n-pro/internal/workflows/models.go:906.2,906.12 1 0
n8n-pro/internal/workflows/models.go:910.39,913.2 2 4
n8n-pro/internal/workflows/models.go:916.46,918.31 1 0
n8n-pro/internal/workflows/models.go:918.31,919.24 1 0
n8n-pro/internal/workflows/models.go:919.24,921.9 2 0
n8n-pro/internal/workflows/models.go:926.2,927.37 2 0
n8n-pro/internal/workflows/models.go:927.37,928.61 1 0
n8n-pro/internal/workflows/models.go:928.61,930.4 1 0
n8n-pro/internal/workflows/models.go:932.2,933.26 2 0
n8n-pro/internal/workflows/models.go:937.57,940.2 2 1
n8n-pro/internal/workflows/models.go:943.58,944.37 1 0
n8n-pro/internal/workflows/models.go:944.37,945.30 1 0
n8n-pro/internal/workflows/models.go:945.30,947.9 2 0
n8n-pro/internal/workflows/models.go:950.2,950.26 1 0
n8n-pro/internal/workflows/repository.go:27.56,33.2 1 0
n8n-pro/internal/workflows/repository.go:36.84,53.16 4 0
n8n-pro/internal/workflows/repository.go:53.16,56.3 1 0
n8n-pro/internal/workflows/repository.go:58.2,59.16 2 0
n8n-pro/internal/workflows/repository.go:59.16,62.3 1 0
n8n-pro/internal/workflows/repository.go:64.2,65.16 2 0
n8n-pro/internal/workflows/repository.go:65.16,68.3 1 0
n8n-pro/internal/workflows/repository.go:70.2,71.16 2 0
n8n-pro/internal/workflows/repository.go:71.16,74.3 1 0
n8n-pro/internal/workflows/repository.go:76.2,77.16 2 0
n8n-pro/internal/workflows/repository.go:77.16,80.3 1 0
n8n-pro/internal/workflows/repository.go:82.2,83.16 2 0
n8n-pro/internal/workflows/repository.go:83.16,86.3 1 0
n8n-pro/internal/workflows/repository.go:88.2,89.16 2 0
n8n-pro/internal/workflows/repository.go:89.16,92.3 1 0
n8n-pro/internal/workflows/repository.go:94.2,103.16 2 0
n8n-pro/internal/workflows/repository.go:103.16,107.3 2 0
n8n-pro/internal/workflows/repository.go:109.2,111.12 3 0
n8n-pro/internal/workflows/repository.go:115.89,145.16 10 0
n8n-pro/internal/workflows/repository.go:145.16,146.27 1 0
n8n-pro/internal/workflows/repository.go:146.27,149.4 2 0
n8n-pro/internal/workflows/repository.go:150.3,152.29 2 0
n8n-pro/internal/workflows/repository.go:156.2,156.67 1 0
n8n-pro/internal/workflows/repository.go:156.67,159.3 1 0
n8n-pro/internal/workflows/repository.go:161.2,161.79 1 0
n8n-pro/internal/workflows/repository.go:161.79,164.3 1 0
n8n-pro/internal/workflows/repository.go:166.2,166.75 1 0
n8n-pro/internal/workflows/repository.go:166.75,169.3 1 0
n8n-pro/internal/workflows/repository.go:171.2,171.73 1 0
n8n-pro/internal/workflows/repository.go:171.73,174.3 1 0
n8n-pro/internal/workflows/repository.go:176.2,176.69 1 0
n8n-pro/internal/workflows/repository.go:176.69,179.3 1 0
n8n-pro/internal/workflows/repository.go:181.2,181.65 1 0
n8n-pro/internal/workflows/repository.go:181.65,184.3 1 0
n8n-pro/internal/workflows/repository.go:186.2,186.73 1 0
n8n-pro/internal/workflows/repository.go:186.73,189.3 1 0
n8n-pro/internal/workflows/repository.go:192.2,195.26 3 0
n8n-pro/internal/workflows/repository.go:195.26,198.3 2 0
n8n-pro/internal/workflows/repository.go:200.2,200.21 1 0
n8n-pro/internal/workflows/repository.go:200.21,203.3 2 0
n8n-pro/internal/workflows/repository.go:205.2,206.23 2 0
n8n-pro/internal/workflows/repository.go:210.100,214.2 1 0
n8n-pro/internal/workflows/repository.go:217.84,231.16 4 0
n8n-pro/internal/workflows/repository.go:231.16,234.3 1 0
n8n-pro/internal/workflows/repository.go:236.2,237.16 2 0
n8n-pro/internal/workflows/repository.go:237.16,240.3 1 0
n8n-pro/internal/workflows/repository.go:242.2,243.16 2 0
n8n-pro/internal/workflows/repository.go:243.16,246.3 1 0
n8n-pro/internal/workflows/repository.go:248.2,249.16 2 0
n8n-pro/internal/workflows/repository.go:249.16,252.3 1 0
n8n-pro/internal/workflows/repository.go:254.2,255.16 2 0
n8n-pro/internal/workflows/repository.go:255.16,258.3 1 0
n8n-pro/internal/workflows/repository.go:260.2,261.16 2 0
n8n-pro/internal/workflows/repository.go:261.16,264.3 1 0
n8n-pro/internal/workflows/repository.go:266.2,267.16 2 0
n8n-pro/internal/workflows/repository.go:267.16,270.3 1 0
n8n-pro/internal/workflows/repository.go:272.2,280.16 2 0
n8n-pro/internal/workflows/repository.go:280.16,284.3 2 0
n8n-pro/internal/workflows/repository.go:286.2,286.32 1 0
n8n-pro/internal/workflows/repository.go:286.32,288.3 1 0
n8n-pro/internal/workflows/repository.go:290.2,292.12 3 0
n8n-pro/internal/workflows/repository.go:296.75,306.16 5 0
n8n-pro/internal/workflows/repository.go:306.16,310.3 2 0
n8n-pro/internal/workflows/repository.go:312.2,312.32 1 0
n8n-pro/internal/workflows/repository.go:312.32,314.3 1 0
n8n-pro/internal/workflows/repository.go:316.2,318.12 3 0
n8n-pro/internal/workflows/repository.go:322.112,330.26 5 0
n8n-pro/internal/workflows/repository.go:330.26,334.3 3 0
n8n-pro/internal/workflows/repository.go:336.2,336.27 1 0
n8n-pro/internal/workflows/repository.go:336.27,340.3 3 0
n8n-pro/internal/workflows/repository.go:342.2,342.26 1 0
n8n-pro/internal/workflows/repository.go:342.26,346.3 3 0
n8n-pro/internal/workflows/repository.go:348.2,348.30 1 0
n8n-pro/internal/workflows/repository.go:348.30,352.3 3 0
n8n-pro/internal/workflows/repository.go:354.2,354.50 1 0
n8n-pro/internal/workflows/repository.go:354.50,358.3 3 0
n8n-pro/internal/workflows/repository.go:360.2,360.32 1 0
n8n-pro/internal/workflows/repository.go:360.32,364.3 3 0
n8n-pro/internal/workflows/repository.go:366.2,366.33 1 0
n8n-pro/internal/workflows/repository.go:366.33,370.3 3 0
n8n-pro/internal/workflows/repository.go:372.2,378.16 5 0
n8n-pro/internal/workflows/repository.go:378.16,382.3 2 0
n8n-pro/internal/workflows/repository.go:385.2,386.18 2 0
n8n-pro/internal/workflows/repository.go:386.18,388.3 1 0
n8n-pro/internal/workflows/repository.go:390.2,391.47 2 0
n8n-pro/internal/workflows/repository.go:391.47,393.3 1 0
n8n-pro/internal/workflows/repository.go:395.2,396.32 2 0
n8n-pro/internal/workflows/repository.go:396.32,398.3 1 0
n8n-pro/internal/workflows/repository.go:400.2,401.16 2 0
n8n-pro/internal/workflows/repository.go:401.16,403.3 1 0
n8n-pro/internal/workflows/repository.go:405.2,418.16 4 0
n8n-pro/internal/workflows/repository.go:418.16,422.3 2 0
n8n-pro/internal/workflows/repository.go:423.2,426.18 3 0
n8n-pro/internal/workflows/repository.go:426.18,439.17 5 0
n8n-pro/internal/workflows/repository.go:439.17,442.4 1 0
n8n-pro/internal/workflows/repository.go:444.3,447.27 3 0
n8n-pro/internal/workflows/repository.go:447.27,450.4 2 0
n8n-pro/internal/workflows/repository.go:452.3,452.43 1 0
n8n-pro/internal/workflows/repository.go:455.2,455.34 1 0
n8n-pro/internal/workflows/repository.go:455.34,458.3 1 0
n8n-pro/internal/workflows/repository.go:460.2,461.30 2 0
n8n-pro/internal/workflows/repository.go:467.103,501.16 8 0
n8n-pro/internal/workflows/repository.go:501.16,505.3 2 0
n8n-pro/internal/workflows/repository.go:507.2,508.12 2 0
n8n-pro/internal/workflows/repository.go:512.107,541.16 8 0
n8n-pro/internal/workflows/repository.go:541.16,542.27 1 0
n8n-pro/internal/workflows/repository.go:542.27,545.4 2 0
n8n-pro/internal/workflows/repository.go:546.3,548.30 2 0
n8n-pro/internal/workflows/repository.go:552.2,564.19 10 0
n8n-pro/internal/workflows/repository.go:564.19,567.3 2 0
n8n-pro/internal/workflows/repository.go:569.2,570.24 2 0
n8n-pro/internal/workflows/repository.go:574.103,594.16 6 0
n8n-pro/internal/workflows/repository.go:594.16,598.3 2 0
n8n-pro/internal/workflows/repository.go:600.2,601.12 2 0
n8n-pro/internal/workflows/repository.go:605.132,609.2 1 0
n8n-pro/internal/workflows/repository.go:612.84,618.16 4 0
n8n-pro/internal/workflows/repository.go:618.16,622.3 2 0
n8n-pro/internal/workflows/repository.go:624.2,625.12 2 0
n8n-pro/internal/workflows/repository.go:631.97,634.2 1 0
n8n-pro/internal/workflows/repository.go:636.110,639.2 1 0
n8n-pro/internal/workflows/repository.go:641.128,644.2 1 0
n8n-pro/internal/workflows/repository.go:646.100,649.2 1 0
n8n-pro/internal/workflows/repository.go:651.105,654.2 1 0
n8n-pro/internal/workflows/repository.go:656.129,659.2 1 0
n8n-pro/internal/workflows/repository.go:661.91,664.2 1 0
n8n-pro/internal/workflows/repository.go:666.106,669.2 1 0
n8n-pro/internal/workflows/repository.go:671.80,674.2 1 0
n8n-pro/internal/workflows/repository.go:676.132,679.2 1 0
n8n-pro/internal/workflows/repository.go:681.130,684.2 1 0
n8n-pro/internal/workflows/repository.go:686.118,689.2 1 0
n8n-pro/internal/workflows/repository.go:691.77,694.2 1 0
n8n-pro/internal/workflows/repository.go:696.104,699.2 1 0
n8n-pro/internal/workflows/repository.go:701.91,704.2 1 0
n8n-pro/internal/workflows/service.go:148.12,160.2 1 0
n8n-pro/internal/workflows/service.go:163.101,171.100 2 0
n8n-pro/internal/workflows/service.go:171.100,173.3 1 0
n8n-pro/internal/workflows/service.go:176.2,176.68 1 0
n8n-pro/internal/workflows/service.go:176.68,178.3 1 0
n8n-pro/internal/workflows/service.go:181.2,182.38 2 0
n8n-pro/internal/workflows/service.go:182.38,183.41 1 0
n8n-pro/internal/workflows/service.go:183.41,185.4 1 0
n8n-pro/internal/workflows/service.go:187.2,187.28 1 0
n8n-pro/internal/workflows/service.go:187.28,188.92 1 0
n8n-pro/internal/workflows/service.go:188.92,190.4 1 0
n8n-pro/internal/workflows/service.go:194.2,195.23 2 0
n8n-pro/internal/workflows/service.go:195.23,197.3 1 0
n8n-pro/internal/workflows/service.go:198.2,204.58 5 0
n8n-pro/internal/workflows/service.go:204.58,205.54 1 0
n8n-pro/internal/workflows/service.go:205.54,207.4 1 0
n8n-pro/internal/workflows/service.go:210.3,223.17 3 0
n8n-pro/internal/workflows/service.go:223.17,226.4 1 0
n8n-pro/internal/workflows/service.go:227.3,230.44 3 0
n8n-pro/internal/workflows/service.go:233.2,233.16 1 0
n8n-pro/internal/workflows/service.go:233.16,239.3 2 0
n8n-pro/internal/workflows/service.go:241.2,247.22 3 0
n8n-pro/internal/workflows/service.go:251.93,255.16 3 2
n8n-pro/internal/workflows/service.go:255.16,258.3 2 0
n8n-pro/internal/workflows/service.go:260.2,260.21 1 2
n8n-pro/internal/workflows/service.go:260.21,262.3 1 1
n8n-pro/internal/workflows/service.go:265.2,265.98 1 1
n8n-pro/internal/workflows/service.go:265.98,267.3 1 0
n8n-pro/internal/workflows/service.go:269.2,270.22 2 1
n8n-pro/internal/workflows/service.go:274.101,282.109 2 0
n8n-pro/internal/workflows/service.go:282.109,284.3 1 0
n8n-pro/internal/workflows/service.go:287.2,288.16 2 0
n8n-pro/internal/workflows/service.go:288.16,290.3 1 0
n8n-pro/internal/workflows/service.go:291.2,291.21 1 0
n8n-pro/internal/workflows/service.go:291.21,293.3 1 0
n8n-pro/internal/workflows/service.go:296.2,296.68 1 0
n8n-pro/internal/workflows/service.go:296.68,298.3 1 0
n8n-pro/internal/workflows/service.go:301.2,310.23 6 0
n8n-pro/internal/workflows/service.go:310.23,312.3 1 0
n8n-pro/internal/workflows/service.go:315.2,315.57 1 0
n8n-pro/internal/workflows/service.go:315.57,316.54 1 0
n8n-pro/internal/workflows/service.go:316.54,318.4 1 0
n8n-pro/internal/workflows/service.go:320.3,320.24 1 0
n8n-pro/internal/workflows/service.go:320.24,335.18 3 0
n8n-pro/internal/workflows/service.go:335.18,338.5 1 0
n8n-pro/internal/workflows/service.go:339.4,344.18 4 0
n8n-pro/internal/workflows/service.go:344.18,346.5 1 0
n8n-pro/internal/workflows/service.go:347.4,347.31 1 0
n8n-pro/internal/workflows/service.go:347.31,348.52 1 0
n8n-pro/internal/workflows/service.go:348.52,351.6 1 0
n8n-pro/internal/workflows/service.go:354.4,354.45 1 0
n8n-pro/internal/workflows/service.go:357.3,357.13 1 0
n8n-pro/internal/workflows/service.go:360.2,360.16 1 0
n8n-pro/internal/workflows/service.go:360.16,366.3 2 0
n8n-pro/internal/workflows/service.go:368.2,374.22 2 0
n8n-pro/internal/workflows/service.go:378.79,386.16 3 0
n8n-pro/internal/workflows/service.go:386.16,388.3 1 0
n8n-pro/internal/workflows/service.go:389.2,389.21 1 0
n8n-pro/internal/workflows/service.go:389.21,391.3 1 0
n8n-pro/internal/workflows/service.go:394.2,394.100 1 0
n8n-pro/internal/workflows/service.go:394.100,396.3 1 0
n8n-pro/internal/workflows/service.go:399.2,405.16 3 0
n8n-pro/internal/workflows/service.go:405.16,407.3 1 0
n8n-pro/internal/workflows/service.go:408.2,408.25 1 0
n8n-pro/internal/workflows/service.go:408.25,410.3 1 0
n8n-pro/internal/workflows/service.go:413.2,413.47 1 0
n8n-pro/internal/workflows/service.go:413.47,419.3 2 0
n8n-pro/internal/workflows/service.go:421.2,425.12 2 0
n8n-pro/internal/workflows/service.go:429.116,433.26 2 0
n8n-pro/internal/workflows/service.go:433.26,434.98 1 0
n8n-pro/internal/workflows/service.go:434.98,436.4 1 0
n8n-pro/internal/workflows/service.go:439.2,440.16 2 0
n8n-pro/internal/workflows/service.go:440.16,443.3 2 0
n8n-pro/internal/workflows/service.go:445.2,452.30 3 0
n8n-pro/internal/workflows/service.go:456.159,465.16 3 0
n8n-pro/internal/workflows/service.go:465.16,467.3 1 0
n8n-pro/internal/workflows/service.go:468.2,468.21 1 0
n8n-pro/internal/workflows/service.go:468.21,470.3 1 0
n8n-pro/internal/workflows/service.go:473.2,473.109 1 0
n8n-pro/internal/workflows/service.go:473.109,475.3 1 0
n8n-pro/internal/workflows/service.go:478.2,478.30 1 0
n8n-pro/internal/workflows/service.go:478.30,480.3 1 0
n8n-pro/internal/workflows/service.go:483.2,483.109 1 0
n8n-pro/internal/workflows/service.go:483.109,485.3 1 0
n8n-pro/internal/workflows/service.go:488.2,493.70 4 0
n8n-pro/internal/workflows/service.go:493.70,495.3 1 0
n8n-pro/internal/workflows/service.go:498.2,498.63 1 0
n8n-pro/internal/workflows/service.go:498.63,500.3 1 0
n8n-pro/internal/workflows/service.go:503.2,503.12 1 0
n8n-pro/internal/workflows/service.go:503.12,505.64 2 0
n8n-pro/internal/workflows/service.go:505.64,511.4 1 0
n8n-pro/internal/workflows/service.go:515.2,523.23 4 0
n8n-pro/internal/workflows/service.go:527.116,529.16 2 0
n8n-pro/internal/workflows/service.go:529.16,531.3 1 0
n8n-pro/internal/workflows/service.go:532.2,532.22 1 0
n8n-pro/internal/workflows/service.go:532.22,534.3 1 0
n8n-pro/internal/workflows/service.go:537.2,537.117 1 0
n8n-pro/internal/workflows/service.go:537.117,539.3 1 0
n8n-pro/internal/workflows/service.go:541.2,541.23 1 0
n8n-pro/internal/workflows/service.go:545.97,547.16 2 0
n8n-pro/internal/workflows/service.go:547.16,549.3 1 0
n8n-pro/internal/workflows/service.go:550.2,550.22 1 0
n8n-pro/internal/workflows/service.go:550.22,552.3 1 0
n8n-pro/internal/workflows/service.go:555.2,555.120 1 0
n8n-pro/internal/workflows/service.go:555.120,557.3 1 0
n8n-pro/internal/workflows/service.go:559.2,559.28 1 0
n8n-pro/internal/workflows/service.go:559.28,561.3 1 0
n8n-pro/internal/workflows/service.go:563.2,563.44 1 0
n8n-pro/internal/workflows/service.go:567.118,569.16 2 0
n8n-pro/internal/workflows/service.go:569.16,571.3 1 0
n8n-pro/internal/workflows/service.go:572.2,572.22 1 0
n8n-pro/internal/workflows/service.go:572.22,574.3 1 0
n8n-pro/internal/workflows/service.go:577.2,577.120 1 0
n8n-pro/internal/workflows/service.go:577.120,579.3 1 0
n8n-pro/internal/workflows/service.go:581.2,581.47 1 0
n8n-pro/internal/workflows/service.go:581.47,583.3 1 0
n8n-pro/internal/workflows/service.go:585.2,585.43 1 0
n8n-pro/internal/workflows/service.go:589.136,593.26 2 0
n8n-pro/internal/workflows/service.go:593.26,594.98 1 0
n8n-pro/internal/workflows/service.go:594.98,596.4 1 0
n8n-pro/internal/workflows/service.go:598.2,598.30 1 0
n8n-pro/internal/workflows/service.go:598.30,601.17 2 0
n8n-pro/internal/workflows/service.go:601.17,603.4 1 0
n8n-pro/internal/workflows/service.go:604.3,604.22 1 0
n8n-pro/internal/workflows/service.go:604.22,605.116 1 0
n8n-pro/internal/workflows/service.go:605.116,607.5 1 0
n8n-pro/internal/workflows/service.go:611.2,612.16 2 0
n8n-pro/internal/workflows/service.go:612.16,615.3 2 0
n8n-pro/internal/workflows/service.go:617.2,618.31 2 0
n8n-pro/internal/workflows/service.go:622.134,625.16 2 0
n8n-pro/internal/workflows/service.go:625.16,627.3 1 0
n8n-pro/internal/workflows/service.go:628.2,628.21 1 0
n8n-pro/internal/workflows/service.go:628.21,630.3 1 0
n8n-pro/internal/workflows/service.go:633.2,633.106 1 0
n8n-pro/internal/workflows/service.go:633.106,635.3 1 0
n8n-pro/internal/workflows/service.go:637.2,637.59 1 0
n8n-pro/internal/workflows/service.go:641.122,643.89 1 0
n8n-pro/internal/workflows/service.go:643.89,645.3 1 0
n8n-pro/internal/workflows/service.go:647.2,647.51 1 0
n8n-pro/internal/workflows/service.go:653.65,683.2 3 2
n8n-pro/internal/workflows/service.go:686.115,694.16 3 2
n8n-pro/internal/workflows/service.go:694.16,696.3 1 0
n8n-pro/internal/workflows/service.go:698.2,698.38 1 2
n8n-pro/internal/workflows/service.go:698.38,701.3 1 1
n8n-pro/internal/workflows/service.go:703.2,703.12 1 1
n8n-pro/internal/workflows/service.go:707.79,709.16 2 0
n8n-pro/internal/workflows/service.go:709.16,715.3 2 0
n8n-pro/internal/workflows/service.go:718.2,719.16 2 0
n8n-pro/internal/workflows/service.go:719.16,721.3 1 0
n8n-pro/internal/workflows/service.go:723.2,726.34 4 0
n8n-pro/internal/workflows/service.go:726.34,728.3 1 0
n8n-pro/internal/workflows/service.go:730.2,730.30 1 0
n8n-pro/internal/workflows/service.go:734.104,736.16 2 0
n8n-pro/internal/workflows/service.go:736.16,738.3 1 0
n8n-pro/internal/workflows/service.go:739.2,739.21 1 0
n8n-pro/internal/workflows/service.go:739.21,741.3 1 0
n8n-pro/internal/workflows/service.go:743.2,743.90 1 0
n8n-pro/internal/workflows/service.go:747.122,749.82 1 0
n8n-pro/internal/workflows/service.go:749.82,751.3 1 0
n8n-pro/internal/workflows/service.go:753.2,753.44 1 0
n8n-pro/internal/workflows/service.go:757.132,759.82 1 0
n8n-pro/internal/workflows/service.go:759.82,761.3 1 0
n8n-pro/internal/workflows/service.go:763.2,763.60 1 0
